{"C:\\Users\\VitorBansen-MailouCl\\Documents\\Desenvolvimentos\\Pessoal\\TCC\\frontend\\src\\middleware.ts": {"path":"C:\\Users\\VitorBansen-MailouCl\\Documents\\Desenvolvimentos\\Pessoal\\TCC\\frontend\\src\\middleware.ts","statementMap":{"0":{"start":{"line":20,"column":13},"end":{"line":20,"column":19}},"1":{"start":{"line":5,"column":16},"end":{"line":5,"column":26}},"2":{"start":{"line":1,"column":42},"end":{"line":1,"column":null}},"3":{"start":{"line":3,"column":24},"end":{"line":3,"column":null}},"4":{"start":{"line":6,"column":23},"end":{"line":6,"column":34}},"5":{"start":{"line":7,"column":22},"end":{"line":7,"column":null}},"6":{"start":{"line":7,"column":53},"end":{"line":7,"column":null}},"7":{"start":{"line":8,"column":2},"end":{"line":8,"column":null}},"8":{"start":{"line":8,"column":20},"end":{"line":8,"column":null}},"9":{"start":{"line":10,"column":16},"end":{"line":10,"column":null}},"10":{"start":{"line":11,"column":2},"end":{"line":15,"column":null}},"11":{"start":{"line":12,"column":21},"end":{"line":12,"column":null}},"12":{"start":{"line":13,"column":4},"end":{"line":13,"column":null}},"13":{"start":{"line":14,"column":4},"end":{"line":14,"column":null}},"14":{"start":{"line":17,"column":2},"end":{"line":17,"column":null}},"15":{"start":{"line":20,"column":22},"end":{"line":22,"column":null}}},"fnMap":{"0":{"name":"middleware","decl":{"start":{"line":5,"column":16},"end":{"line":5,"column":26}},"loc":{"start":{"line":5,"column":43},"end":{"line":18,"column":null}}},"1":{"name":"(anonymous_4)","decl":{"start":{"line":7,"column":43},"end":{"line":7,"column":44}},"loc":{"start":{"line":7,"column":53},"end":{"line":7,"column":null}}}},"branchMap":{"0":{"loc":{"start":{"line":8,"column":2},"end":{"line":8,"column":null}},"type":"if","locations":[{"start":{"line":8,"column":2},"end":{"line":8,"column":null}},{"start":{},"end":{}}]},"1":{"loc":{"start":{"line":11,"column":2},"end":{"line":15,"column":null}},"type":"if","locations":[{"start":{"line":11,"column":2},"end":{"line":15,"column":null}},{"start":{},"end":{}}]}},"s":{"0":0,"1":0,"2":0,"3":0,"4":0,"5":0,"6":0,"7":0,"8":0,"9":0,"10":0,"11":0,"12":0,"13":0,"14":0,"15":0},"f":{"0":0,"1":0},"b":{"0":[0,0],"1":[0,0]}}
,"C:\\Users\\VitorBansen-MailouCl\\Documents\\Desenvolvimentos\\Pessoal\\TCC\\frontend\\src\\app\\page.tsx": {"path":"C:\\Users\\VitorBansen-MailouCl\\Documents\\Desenvolvimentos\\Pessoal\\TCC\\frontend\\src\\app\\page.tsx","statementMap":{"0":{"start":{"line":3,"column":24},"end":{"line":3,"column":null}},"1":{"start":{"line":1,"column":17},"end":{"line":1,"column":null}}},"fnMap":{"0":{"name":"HomePage","decl":{"start":{"line":3,"column":24},"end":{"line":3,"column":null}},"loc":{"start":{"line":3,"column":24},"end":{"line":26,"column":null}}}},"branchMap":{},"s":{"0":1,"1":1},"f":{"0":1},"b":{}}
,"C:\\Users\\VitorBansen-MailouCl\\Documents\\Desenvolvimentos\\Pessoal\\TCC\\frontend\\src\\app\\admin\\medicos\\page.tsx": {"path":"C:\\Users\\VitorBansen-MailouCl\\Documents\\Desenvolvimentos\\Pessoal\\TCC\\frontend\\src\\app\\admin\\medicos\\page.tsx","statementMap":{"0":{"start":{"line":20,"column":24},"end":{"line":20,"column":null}},"1":{"start":{"line":3,"column":17},"end":{"line":3,"column":null}},"2":{"start":{"line":4,"column":26},"end":{"line":4,"column":null}},"3":{"start":{"line":5,"column":60},"end":{"line":5,"column":null}},"4":{"start":{"line":14,"column":7},"end":{"line":14,"column":null}},"5":{"start":{"line":15,"column":25},"end":{"line":15,"column":null}},"6":{"start":{"line":16,"column":47},"end":{"line":16,"column":null}},"7":{"start":{"line":21,"column":17},"end":{"line":21,"column":null}},"8":{"start":{"line":22,"column":32},"end":{"line":22,"column":null}},"9":{"start":{"line":23,"column":32},"end":{"line":23,"column":null}},"10":{"start":{"line":24,"column":26},"end":{"line":24,"column":null}},"11":{"start":{"line":25,"column":40},"end":{"line":25,"column":null}},"12":{"start":{"line":27,"column":19},"end":{"line":44,"column":null}},"13":{"start":{"line":28,"column":18},"end":{"line":28,"column":null}},"14":{"start":{"line":29,"column":4},"end":{"line":32,"column":null}},"15":{"start":{"line":30,"column":6},"end":{"line":30,"column":null}},"16":{"start":{"line":31,"column":6},"end":{"line":31,"column":null}},"17":{"start":{"line":33,"column":4},"end":{"line":43,"column":null}},"18":{"start":{"line":34,"column":22},"end":{"line":34,"column":null}},"19":{"start":{"line":35,"column":6},"end":{"line":38,"column":null}},"20":{"start":{"line":36,"column":8},"end":{"line":36,"column":null}},"21":{"start":{"line":37,"column":8},"end":{"line":37,"column":null}},"22":{"start":{"line":39,"column":6},"end":{"line":39,"column":null}},"23":{"start":{"line":40,"column":6},"end":{"line":40,"column":null}},"24":{"start":{"line":42,"column":6},"end":{"line":42,"column":null}},"25":{"start":{"line":46,"column":2},"end":{"line":48,"column":null}},"26":{"start":{"line":47,"column":4},"end":{"line":47,"column":null}},"27":{"start":{"line":51,"column":4},"end":{"line":53,"column":null}},"28":{"start":{"line":52,"column":6},"end":{"line":52,"column":null}},"29":{"start":{"line":54,"column":18},"end":{"line":54,"column":null}},"30":{"start":{"line":55,"column":4},"end":{"line":55,"column":null}},"31":{"start":{"line":55,"column":16},"end":{"line":55,"column":null}},"32":{"start":{"line":56,"column":4},"end":{"line":56,"column":null}},"33":{"start":{"line":57,"column":4},"end":{"line":57,"column":null}},"34":{"start":{"line":58,"column":4},"end":{"line":65,"column":null}},"35":{"start":{"line":59,"column":6},"end":{"line":59,"column":null}},"36":{"start":{"line":60,"column":6},"end":{"line":60,"column":null}},"37":{"start":{"line":60,"column":28},"end":{"line":60,"column":null}},"38":{"start":{"line":60,"column":49},"end":{"line":60,"column":65}},"39":{"start":{"line":62,"column":6},"end":{"line":62,"column":null}},"40":{"start":{"line":64,"column":6},"end":{"line":64,"column":null}},"41":{"start":{"line":68,"column":2},"end":{"line":80,"column":null}},"42":{"start":{"line":74,"column":12},"end":{"line":74,"column":25}},"43":{"start":{"line":98,"column":28},"end":{"line":98,"column":null}},"44":{"start":{"line":98,"column":50},"end":{"line":98,"column":null}},"45":{"start":{"line":116,"column":14},"end":{"line":117,"column":null}},"46":{"start":{"line":135,"column":35},"end":{"line":135,"column":null}},"47":{"start":{"line":152,"column":26},"end":{"line":152,"column":null}},"48":{"start":{"line":153,"column":28},"end":{"line":153,"column":null}},"49":{"start":{"line":154,"column":28},"end":{"line":154,"column":null}},"50":{"start":{"line":155,"column":24},"end":{"line":155,"column":null}},"51":{"start":{"line":156,"column":44},"end":{"line":156,"column":null}},"52":{"start":{"line":157,"column":34},"end":{"line":157,"column":null}},"53":{"start":{"line":158,"column":26},"end":{"line":158,"column":null}},"54":{"start":{"line":159,"column":32},"end":{"line":159,"column":null}},"55":{"start":{"line":160,"column":34},"end":{"line":160,"column":null}},"56":{"start":{"line":163,"column":60},"end":{"line":163,"column":null}},"57":{"start":{"line":164,"column":16},"end":{"line":164,"column":null}},"58":{"start":{"line":165,"column":4},"end":{"line":179,"column":null}},"59":{"start":{"line":166,"column":18},"end":{"line":166,"column":null}},"60":{"start":{"line":167,"column":6},"end":{"line":167,"column":null}},"61":{"start":{"line":167,"column":16},"end":{"line":167,"column":null}},"62":{"start":{"line":168,"column":21},"end":{"line":171,"column":null}},"63":{"start":{"line":170,"column":20},"end":{"line":170,"column":null}},"64":{"start":{"line":172,"column":6},"end":{"line":176,"column":null}},"65":{"start":{"line":173,"column":8},"end":{"line":175,"column":null}},"66":{"start":{"line":174,"column":10},"end":{"line":174,"column":null}},"67":{"start":{"line":177,"column":6},"end":{"line":177,"column":null}},"68":{"start":{"line":178,"column":6},"end":{"line":178,"column":null}},"69":{"start":{"line":180,"column":4},"end":{"line":180,"column":null}},"70":{"start":{"line":184,"column":4},"end":{"line":184,"column":null}},"71":{"start":{"line":185,"column":4},"end":{"line":185,"column":null}},"72":{"start":{"line":186,"column":4},"end":{"line":186,"column":null}},"73":{"start":{"line":187,"column":18},"end":{"line":187,"column":null}},"74":{"start":{"line":188,"column":4},"end":{"line":188,"column":null}},"75":{"start":{"line":188,"column":16},"end":{"line":188,"column":null}},"76":{"start":{"line":191,"column":4},"end":{"line":196,"column":null}},"77":{"start":{"line":192,"column":6},"end":{"line":192,"column":null}},"78":{"start":{"line":194,"column":6},"end":{"line":194,"column":null}},"79":{"start":{"line":195,"column":6},"end":{"line":195,"column":null}},"80":{"start":{"line":198,"column":4},"end":{"line":198,"column":null}},"81":{"start":{"line":199,"column":4},"end":{"line":220,"column":null}},"82":{"start":{"line":200,"column":21},"end":{"line":207,"column":null}},"83":{"start":{"line":208,"column":6},"end":{"line":208,"column":null}},"84":{"start":{"line":209,"column":6},"end":{"line":209,"column":null}},"85":{"start":{"line":210,"column":6},"end":{"line":210,"column":null}},"86":{"start":{"line":211,"column":6},"end":{"line":211,"column":null}},"87":{"start":{"line":212,"column":6},"end":{"line":212,"column":null}},"88":{"start":{"line":213,"column":6},"end":{"line":213,"column":null}},"89":{"start":{"line":214,"column":6},"end":{"line":214,"column":null}},"90":{"start":{"line":215,"column":6},"end":{"line":215,"column":null}},"91":{"start":{"line":217,"column":6},"end":{"line":217,"column":null}},"92":{"start":{"line":219,"column":6},"end":{"line":219,"column":null}},"93":{"start":{"line":238,"column":29},"end":{"line":238,"column":null}},"94":{"start":{"line":248,"column":29},"end":{"line":248,"column":null}},"95":{"start":{"line":261,"column":29},"end":{"line":261,"column":null}},"96":{"start":{"line":271,"column":29},"end":{"line":271,"column":null}},"97":{"start":{"line":283,"column":29},"end":{"line":283,"column":null}},"98":{"start":{"line":298,"column":14},"end":{"line":298,"column":29}},"99":{"start":{"line":307,"column":20},"end":{"line":307,"column":null}},"100":{"start":{"line":307,"column":40},"end":{"line":307,"column":null}}},"fnMap":{"0":{"name":"AdminMedicosPage","decl":{"start":{"line":20,"column":24},"end":{"line":20,"column":null}},"loc":{"start":{"line":20,"column":24},"end":{"line":149,"column":null}}},"1":{"name":"(anonymous_3)","decl":{"start":{"line":27,"column":31},"end":{"line":27,"column":null}},"loc":{"start":{"line":27,"column":31},"end":{"line":44,"column":5}}},"2":{"name":"(anonymous_4)","decl":{"start":{"line":46,"column":12},"end":{"line":46,"column":null}},"loc":{"start":{"line":46,"column":12},"end":{"line":48,"column":5}}},"3":{"name":"excluir","decl":{"start":{"line":50,"column":17},"end":{"line":50,"column":25}},"loc":{"start":{"line":50,"column":49},"end":{"line":66,"column":null}}},"4":{"name":"(anonymous_6)","decl":{"start":{"line":60,"column":17},"end":{"line":60,"column":18}},"loc":{"start":{"line":60,"column":28},"end":{"line":60,"column":null}}},"5":{"name":"(anonymous_7)","decl":{"start":{"line":60,"column":42},"end":{"line":60,"column":43}},"loc":{"start":{"line":60,"column":49},"end":{"line":60,"column":65}}},"6":{"name":"(anonymous_8)","decl":{"start":{"line":73,"column":25},"end":{"line":73,"column":26}},"loc":{"start":{"line":74,"column":12},"end":{"line":74,"column":25}}},"7":{"name":"(anonymous_9)","decl":{"start":{"line":98,"column":18},"end":{"line":98,"column":19}},"loc":{"start":{"line":98,"column":28},"end":{"line":98,"column":null}}},"8":{"name":"(anonymous_10)","decl":{"start":{"line":98,"column":39},"end":{"line":98,"column":40}},"loc":{"start":{"line":98,"column":50},"end":{"line":98,"column":null}}},"9":{"name":"(anonymous_11)","decl":{"start":{"line":115,"column":25},"end":{"line":115,"column":26}},"loc":{"start":{"line":116,"column":14},"end":{"line":117,"column":null}}},"10":{"name":"(anonymous_12)","decl":{"start":{"line":135,"column":29},"end":{"line":135,"column":35}},"loc":{"start":{"line":135,"column":35},"end":{"line":135,"column":null}}},"11":{"name":"FormCadastro","decl":{"start":{"line":151,"column":9},"end":{"line":151,"column":22}},"loc":{"start":{"line":151,"column":69},"end":{"line":339,"column":null}}},"12":{"name":"parseHorarios","decl":{"start":{"line":162,"column":11},"end":{"line":162,"column":null}},"loc":{"start":{"line":162,"column":11},"end":{"line":181,"column":null}}},"13":{"name":"(anonymous_15)","decl":{"start":{"line":170,"column":13},"end":{"line":170,"column":14}},"loc":{"start":{"line":170,"column":20},"end":{"line":170,"column":null}}},"14":{"name":"onSubmit","decl":{"start":{"line":183,"column":17},"end":{"line":183,"column":26}},"loc":{"start":{"line":183,"column":59},"end":{"line":221,"column":null}}},"15":{"name":"(anonymous_17)","decl":{"start":{"line":238,"column":22},"end":{"line":238,"column":23}},"loc":{"start":{"line":238,"column":29},"end":{"line":238,"column":null}}},"16":{"name":"(anonymous_18)","decl":{"start":{"line":248,"column":22},"end":{"line":248,"column":23}},"loc":{"start":{"line":248,"column":29},"end":{"line":248,"column":null}}},"17":{"name":"(anonymous_19)","decl":{"start":{"line":261,"column":22},"end":{"line":261,"column":23}},"loc":{"start":{"line":261,"column":29},"end":{"line":261,"column":null}}},"18":{"name":"(anonymous_20)","decl":{"start":{"line":271,"column":22},"end":{"line":271,"column":23}},"loc":{"start":{"line":271,"column":29},"end":{"line":271,"column":null}}},"19":{"name":"(anonymous_21)","decl":{"start":{"line":283,"column":22},"end":{"line":283,"column":23}},"loc":{"start":{"line":283,"column":29},"end":{"line":283,"column":null}}},"20":{"name":"(anonymous_22)","decl":{"start":{"line":297,"column":29},"end":{"line":297,"column":30}},"loc":{"start":{"line":298,"column":14},"end":{"line":298,"column":29}}},"21":{"name":"(anonymous_23)","decl":{"start":{"line":306,"column":28},"end":{"line":306,"column":29}},"loc":{"start":{"line":307,"column":20},"end":{"line":307,"column":null}}},"22":{"name":"(anonymous_24)","decl":{"start":{"line":307,"column":32},"end":{"line":307,"column":33}},"loc":{"start":{"line":307,"column":40},"end":{"line":307,"column":null}}}},"branchMap":{"0":{"loc":{"start":{"line":29,"column":4},"end":{"line":32,"column":null}},"type":"if","locations":[{"start":{"line":29,"column":4},"end":{"line":32,"column":null}},{"start":{},"end":{}}]},"1":{"loc":{"start":{"line":35,"column":6},"end":{"line":38,"column":null}},"type":"if","locations":[{"start":{"line":35,"column":6},"end":{"line":38,"column":null}},{"start":{},"end":{}}]},"2":{"loc":{"start":{"line":42,"column":14},"end":{"line":42,"column":null}},"type":"cond-expr","locations":[{"start":{"line":42,"column":37},"end":{"line":42,"column":48}},{"start":{"line":42,"column":51},"end":{"line":42,"column":null}}]},"3":{"loc":{"start":{"line":51,"column":4},"end":{"line":53,"column":null}},"type":"if","locations":[{"start":{"line":51,"column":4},"end":{"line":53,"column":null}},{"start":{},"end":{}}]},"4":{"loc":{"start":{"line":55,"column":4},"end":{"line":55,"column":null}},"type":"if","locations":[{"start":{"line":55,"column":4},"end":{"line":55,"column":null}},{"start":{},"end":{}}]},"5":{"loc":{"start":{"line":60,"column":28},"end":{"line":60,"column":null}},"type":"binary-expr","locations":[{"start":{"line":60,"column":28},"end":{"line":60,"column":65}},{"start":{"line":60,"column":65},"end":{"line":60,"column":null}}]},"6":{"loc":{"start":{"line":62,"column":14},"end":{"line":62,"column":null}},"type":"cond-expr","locations":[{"start":{"line":62,"column":37},"end":{"line":62,"column":48}},{"start":{"line":62,"column":51},"end":{"line":62,"column":null}}]},"7":{"loc":{"start":{"line":68,"column":2},"end":{"line":80,"column":null}},"type":"if","locations":[{"start":{"line":68,"column":2},"end":{"line":80,"column":null}},{"start":{},"end":{}}]},"8":{"loc":{"start":{"line":68,"column":6},"end":{"line":68,"column":28}},"type":"binary-expr","locations":[{"start":{"line":68,"column":6},"end":{"line":68,"column":18}},{"start":{"line":68,"column":18},"end":{"line":68,"column":28}}]},"9":{"loc":{"start":{"line":77,"column":9},"end":{"line":77,"column":17}},"type":"binary-expr","locations":[{"start":{"line":77,"column":9},"end":{"line":77,"column":17}}]},"10":{"loc":{"start":{"line":98,"column":55},"end":{"line":98,"column":66}},"type":"binary-expr","locations":[{"start":{"line":98,"column":55},"end":{"line":98,"column":64}},{"start":{"line":98,"column":64},"end":{"line":98,"column":66}}]},"11":{"loc":{"start":{"line":101,"column":7},"end":{"line":101,"column":null}},"type":"binary-expr","locations":[{"start":{"line":101,"column":7},"end":{"line":101,"column":null}}]},"12":{"loc":{"start":{"line":110,"column":10},"end":{"line":114,"column":11}},"type":"cond-expr","locations":[{"start":{"line":110,"column":10},"end":{"line":114,"column":11}}]},"13":{"loc":{"start":{"line":139,"column":21},"end":{"line":139,"column":null}},"type":"cond-expr","locations":[{"start":{"line":139,"column":44},"end":{"line":139,"column":59}},{"start":{"line":139,"column":59},"end":{"line":139,"column":null}}]},"14":{"loc":{"start":{"line":167,"column":6},"end":{"line":167,"column":null}},"type":"if","locations":[{"start":{"line":167,"column":6},"end":{"line":167,"column":null}},{"start":{},"end":{}}]},"15":{"loc":{"start":{"line":173,"column":8},"end":{"line":175,"column":null}},"type":"if","locations":[{"start":{"line":173,"column":8},"end":{"line":175,"column":null}},{"start":{},"end":{}}]},"16":{"loc":{"start":{"line":180,"column":11},"end":{"line":180,"column":null}},"type":"cond-expr","locations":[{"start":{"line":180,"column":19},"end":{"line":180,"column":31}},{"start":{"line":180,"column":31},"end":{"line":180,"column":null}}]},"17":{"loc":{"start":{"line":188,"column":4},"end":{"line":188,"column":null}},"type":"if","locations":[{"start":{"line":188,"column":4},"end":{"line":188,"column":null}},{"start":{},"end":{}}]},"18":{"loc":{"start":{"line":194,"column":14},"end":{"line":194,"column":null}},"type":"cond-expr","locations":[{"start":{"line":194,"column":37},"end":{"line":194,"column":48}},{"start":{"line":194,"column":51},"end":{"line":194,"column":null}}]},"19":{"loc":{"start":{"line":217,"column":14},"end":{"line":217,"column":null}},"type":"cond-expr","locations":[{"start":{"line":217,"column":37},"end":{"line":217,"column":48}},{"start":{"line":217,"column":51},"end":{"line":217,"column":null}}]},"20":{"loc":{"start":{"line":305,"column":25},"end":{"line":305,"column":null}},"type":"binary-expr","locations":[{"start":{"line":305,"column":25},"end":{"line":305,"column":38}},{"start":{"line":305,"column":42},"end":{"line":305,"column":null}}]},"21":{"loc":{"start":{"line":316,"column":9},"end":{"line":316,"column":null}},"type":"binary-expr","locations":[{"start":{"line":316,"column":9},"end":{"line":316,"column":null}}]},"22":{"loc":{"start":{"line":321,"column":9},"end":{"line":321,"column":null}},"type":"binary-expr","locations":[{"start":{"line":321,"column":9},"end":{"line":321,"column":null}}]},"23":{"loc":{"start":{"line":333,"column":13},"end":{"line":333,"column":null}},"type":"cond-expr","locations":[{"start":{"line":333,"column":24},"end":{"line":333,"column":41}},{"start":{"line":333,"column":41},"end":{"line":333,"column":null}}]}},"s":{"0":0,"1":0,"2":0,"3":0,"4":0,"5":0,"6":0,"7":0,"8":0,"9":0,"10":0,"11":0,"12":0,"13":0,"14":0,"15":0,"16":0,"17":0,"18":0,"19":0,"20":0,"21":0,"22":0,"23":0,"24":0,"25":0,"26":0,"27":0,"28":0,"29":0,"30":0,"31":0,"32":0,"33":0,"34":0,"35":0,"36":0,"37":0,"38":0,"39":0,"40":0,"41":0,"42":0,"43":0,"44":0,"45":0,"46":0,"47":0,"48":0,"49":0,"50":0,"51":0,"52":0,"53":0,"54":0,"55":0,"56":0,"57":0,"58":0,"59":0,"60":0,"61":0,"62":0,"63":0,"64":0,"65":0,"66":0,"67":0,"68":0,"69":0,"70":0,"71":0,"72":0,"73":0,"74":0,"75":0,"76":0,"77":0,"78":0,"79":0,"80":0,"81":0,"82":0,"83":0,"84":0,"85":0,"86":0,"87":0,"88":0,"89":0,"90":0,"91":0,"92":0,"93":0,"94":0,"95":0,"96":0,"97":0,"98":0,"99":0,"100":0},"f":{"0":0,"1":0,"2":0,"3":0,"4":0,"5":0,"6":0,"7":0,"8":0,"9":0,"10":0,"11":0,"12":0,"13":0,"14":0,"15":0,"16":0,"17":0,"18":0,"19":0,"20":0,"21":0,"22":0},"b":{"0":[0,0],"1":[0,0],"2":[0,0],"3":[0,0],"4":[0,0],"5":[0,0],"6":[0,0],"7":[0,0],"8":[0,0],"9":[0],"10":[0,0],"11":[0],"12":[0],"13":[0,0],"14":[0,0],"15":[0,0],"16":[0,0],"17":[0,0],"18":[0,0],"19":[0,0],"20":[0,0],"21":[0],"22":[0],"23":[0,0]}}
,"C:\\Users\\VitorBansen-MailouCl\\Documents\\Desenvolvimentos\\Pessoal\\TCC\\frontend\\src\\app\\admin\\medicos\\[id]\\editar\\page.tsx": {"path":"C:\\Users\\VitorBansen-MailouCl\\Documents\\Desenvolvimentos\\Pessoal\\TCC\\frontend\\src\\app\\admin\\medicos\\[id]\\editar\\page.tsx","statementMap":{"0":{"start":{"line":28,"column":24},"end":{"line":28,"column":null}},"1":{"start":{"line":3,"column":17},"end":{"line":3,"column":null}},"2":{"start":{"line":4,"column":37},"end":{"line":4,"column":null}},"3":{"start":{"line":5,"column":60},"end":{"line":5,"column":null}},"4":{"start":{"line":12,"column":7},"end":{"line":12,"column":null}},"5":{"start":{"line":13,"column":25},"end":{"line":13,"column":null}},"6":{"start":{"line":14,"column":47},"end":{"line":14,"column":null}},"7":{"start":{"line":19,"column":2},"end":{"line":19,"column":null}},"8":{"start":{"line":19,"column":10},"end":{"line":19,"column":null}},"9":{"start":{"line":20,"column":28},"end":{"line":20,"column":null}},"10":{"start":{"line":21,"column":2},"end":{"line":24,"column":null}},"11":{"start":{"line":22,"column":19},"end":{"line":22,"column":25}},"12":{"start":{"line":23,"column":4},"end":{"line":23,"column":null}},"13":{"start":{"line":23,"column":37},"end":{"line":23,"column":null}},"14":{"start":{"line":25,"column":2},"end":{"line":25,"column":null}},"15":{"start":{"line":29,"column":17},"end":{"line":29,"column":null}},"16":{"start":{"line":30,"column":17},"end":{"line":30,"column":null}},"17":{"start":{"line":31,"column":13},"end":{"line":31,"column":22}},"18":{"start":{"line":33,"column":30},"end":{"line":33,"column":null}},"19":{"start":{"line":34,"column":26},"end":{"line":34,"column":null}},"20":{"start":{"line":35,"column":28},"end":{"line":35,"column":null}},"21":{"start":{"line":36,"column":24},"end":{"line":36,"column":null}},"22":{"start":{"line":37,"column":44},"end":{"line":37,"column":null}},"23":{"start":{"line":38,"column":34},"end":{"line":38,"column":null}},"24":{"start":{"line":39,"column":26},"end":{"line":39,"column":null}},"25":{"start":{"line":40,"column":32},"end":{"line":40,"column":null}},"26":{"start":{"line":41,"column":34},"end":{"line":41,"column":null}},"27":{"start":{"line":43,"column":19},"end":{"line":64,"column":null}},"28":{"start":{"line":44,"column":18},"end":{"line":44,"column":null}},"29":{"start":{"line":45,"column":4},"end":{"line":48,"column":null}},"30":{"start":{"line":46,"column":6},"end":{"line":46,"column":null}},"31":{"start":{"line":47,"column":6},"end":{"line":47,"column":null}},"32":{"start":{"line":49,"column":4},"end":{"line":63,"column":null}},"33":{"start":{"line":50,"column":21},"end":{"line":50,"column":null}},"34":{"start":{"line":51,"column":6},"end":{"line":54,"column":null}},"35":{"start":{"line":52,"column":8},"end":{"line":52,"column":null}},"36":{"start":{"line":53,"column":8},"end":{"line":53,"column":null}},"37":{"start":{"line":55,"column":6},"end":{"line":55,"column":null}},"38":{"start":{"line":56,"column":6},"end":{"line":56,"column":null}},"39":{"start":{"line":57,"column":6},"end":{"line":57,"column":null}},"40":{"start":{"line":58,"column":6},"end":{"line":58,"column":null}},"41":{"start":{"line":59,"column":6},"end":{"line":59,"column":null}},"42":{"start":{"line":60,"column":6},"end":{"line":60,"column":null}},"43":{"start":{"line":62,"column":6},"end":{"line":62,"column":null}},"44":{"start":{"line":66,"column":2},"end":{"line":68,"column":null}},"45":{"start":{"line":67,"column":4},"end":{"line":67,"column":null}},"46":{"start":{"line":71,"column":60},"end":{"line":71,"column":null}},"47":{"start":{"line":72,"column":16},"end":{"line":72,"column":null}},"48":{"start":{"line":73,"column":4},"end":{"line":89,"column":null}},"49":{"start":{"line":74,"column":18},"end":{"line":74,"column":null}},"50":{"start":{"line":75,"column":6},"end":{"line":75,"column":null}},"51":{"start":{"line":75,"column":16},"end":{"line":75,"column":null}},"52":{"start":{"line":76,"column":21},"end":{"line":79,"column":null}},"53":{"start":{"line":78,"column":20},"end":{"line":78,"column":null}},"54":{"start":{"line":80,"column":6},"end":{"line":86,"column":null}},"55":{"start":{"line":81,"column":8},"end":{"line":85,"column":null}},"56":{"start":{"line":82,"column":10},"end":{"line":83,"column":null}},"57":{"start":{"line":87,"column":6},"end":{"line":87,"column":null}},"58":{"start":{"line":88,"column":6},"end":{"line":88,"column":null}},"59":{"start":{"line":90,"column":4},"end":{"line":90,"column":null}},"60":{"start":{"line":94,"column":4},"end":{"line":94,"column":null}},"61":{"start":{"line":95,"column":4},"end":{"line":95,"column":null}},"62":{"start":{"line":96,"column":4},"end":{"line":96,"column":null}},"63":{"start":{"line":97,"column":18},"end":{"line":97,"column":null}},"64":{"start":{"line":98,"column":4},"end":{"line":98,"column":null}},"65":{"start":{"line":98,"column":27},"end":{"line":98,"column":null}},"66":{"start":{"line":101,"column":4},"end":{"line":106,"column":null}},"67":{"start":{"line":102,"column":6},"end":{"line":102,"column":null}},"68":{"start":{"line":104,"column":6},"end":{"line":104,"column":null}},"69":{"start":{"line":105,"column":6},"end":{"line":105,"column":null}},"70":{"start":{"line":108,"column":4},"end":{"line":108,"column":null}},"71":{"start":{"line":109,"column":4},"end":{"line":123,"column":null}},"72":{"start":{"line":110,"column":25},"end":{"line":116,"column":null}},"73":{"start":{"line":117,"column":6},"end":{"line":117,"column":null}},"74":{"start":{"line":118,"column":6},"end":{"line":118,"column":null}},"75":{"start":{"line":120,"column":6},"end":{"line":120,"column":null}},"76":{"start":{"line":122,"column":6},"end":{"line":122,"column":null}},"77":{"start":{"line":126,"column":2},"end":{"line":134,"column":null}},"78":{"start":{"line":164,"column":29},"end":{"line":164,"column":null}},"79":{"start":{"line":174,"column":29},"end":{"line":174,"column":null}},"80":{"start":{"line":184,"column":29},"end":{"line":184,"column":null}},"81":{"start":{"line":196,"column":29},"end":{"line":196,"column":null}},"82":{"start":{"line":211,"column":14},"end":{"line":211,"column":29}},"83":{"start":{"line":220,"column":20},"end":{"line":220,"column":null}},"84":{"start":{"line":220,"column":40},"end":{"line":220,"column":null}}},"fnMap":{"0":{"name":"horariosToForm","decl":{"start":{"line":18,"column":9},"end":{"line":18,"column":24}},"loc":{"start":{"line":18,"column":56},"end":{"line":26,"column":null}}},"1":{"name":"EditarMedicoPage","decl":{"start":{"line":28,"column":24},"end":{"line":28,"column":null}},"loc":{"start":{"line":28,"column":24},"end":{"line":252,"column":null}}},"2":{"name":"(anonymous_4)","decl":{"start":{"line":43,"column":31},"end":{"line":43,"column":null}},"loc":{"start":{"line":43,"column":31},"end":{"line":64,"column":5}}},"3":{"name":"(anonymous_5)","decl":{"start":{"line":66,"column":12},"end":{"line":66,"column":null}},"loc":{"start":{"line":66,"column":12},"end":{"line":68,"column":5}}},"4":{"name":"parseHorarios","decl":{"start":{"line":70,"column":11},"end":{"line":70,"column":null}},"loc":{"start":{"line":70,"column":11},"end":{"line":91,"column":null}}},"5":{"name":"(anonymous_7)","decl":{"start":{"line":78,"column":13},"end":{"line":78,"column":14}},"loc":{"start":{"line":78,"column":20},"end":{"line":78,"column":null}}},"6":{"name":"onSubmit","decl":{"start":{"line":93,"column":17},"end":{"line":93,"column":26}},"loc":{"start":{"line":93,"column":59},"end":{"line":124,"column":null}}},"7":{"name":"(anonymous_9)","decl":{"start":{"line":164,"column":22},"end":{"line":164,"column":23}},"loc":{"start":{"line":164,"column":29},"end":{"line":164,"column":null}}},"8":{"name":"(anonymous_10)","decl":{"start":{"line":174,"column":22},"end":{"line":174,"column":23}},"loc":{"start":{"line":174,"column":29},"end":{"line":174,"column":null}}},"9":{"name":"(anonymous_11)","decl":{"start":{"line":184,"column":22},"end":{"line":184,"column":23}},"loc":{"start":{"line":184,"column":29},"end":{"line":184,"column":null}}},"10":{"name":"(anonymous_12)","decl":{"start":{"line":196,"column":22},"end":{"line":196,"column":23}},"loc":{"start":{"line":196,"column":29},"end":{"line":196,"column":null}}},"11":{"name":"(anonymous_13)","decl":{"start":{"line":210,"column":29},"end":{"line":210,"column":30}},"loc":{"start":{"line":211,"column":14},"end":{"line":211,"column":29}}},"12":{"name":"(anonymous_14)","decl":{"start":{"line":219,"column":28},"end":{"line":219,"column":29}},"loc":{"start":{"line":220,"column":20},"end":{"line":220,"column":null}}},"13":{"name":"(anonymous_15)","decl":{"start":{"line":220,"column":32},"end":{"line":220,"column":33}},"loc":{"start":{"line":220,"column":40},"end":{"line":220,"column":null}}}},"branchMap":{"0":{"loc":{"start":{"line":19,"column":2},"end":{"line":19,"column":null}},"type":"if","locations":[{"start":{"line":19,"column":2},"end":{"line":19,"column":null}},{"start":{},"end":{}}]},"1":{"loc":{"start":{"line":23,"column":4},"end":{"line":23,"column":null}},"type":"if","locations":[{"start":{"line":23,"column":4},"end":{"line":23,"column":null}},{"start":{},"end":{}}]},"2":{"loc":{"start":{"line":23,"column":8},"end":{"line":23,"column":37}},"type":"binary-expr","locations":[{"start":{"line":23,"column":8},"end":{"line":23,"column":18}},{"start":{"line":23,"column":18},"end":{"line":23,"column":37}}]},"3":{"loc":{"start":{"line":45,"column":4},"end":{"line":48,"column":null}},"type":"if","locations":[{"start":{"line":45,"column":4},"end":{"line":48,"column":null}},{"start":{},"end":{}}]},"4":{"loc":{"start":{"line":51,"column":6},"end":{"line":54,"column":null}},"type":"if","locations":[{"start":{"line":51,"column":6},"end":{"line":54,"column":null}},{"start":{},"end":{}}]},"5":{"loc":{"start":{"line":62,"column":14},"end":{"line":62,"column":null}},"type":"cond-expr","locations":[{"start":{"line":62,"column":37},"end":{"line":62,"column":48}},{"start":{"line":62,"column":51},"end":{"line":62,"column":null}}]},"6":{"loc":{"start":{"line":75,"column":6},"end":{"line":75,"column":null}},"type":"if","locations":[{"start":{"line":75,"column":6},"end":{"line":75,"column":null}},{"start":{},"end":{}}]},"7":{"loc":{"start":{"line":81,"column":8},"end":{"line":85,"column":null}},"type":"if","locations":[{"start":{"line":81,"column":8},"end":{"line":85,"column":null}},{"start":{},"end":{}}]},"8":{"loc":{"start":{"line":90,"column":11},"end":{"line":90,"column":null}},"type":"cond-expr","locations":[{"start":{"line":90,"column":19},"end":{"line":90,"column":31}},{"start":{"line":90,"column":31},"end":{"line":90,"column":null}}]},"9":{"loc":{"start":{"line":98,"column":4},"end":{"line":98,"column":null}},"type":"if","locations":[{"start":{"line":98,"column":4},"end":{"line":98,"column":null}},{"start":{},"end":{}}]},"10":{"loc":{"start":{"line":98,"column":8},"end":{"line":98,"column":27}},"type":"binary-expr","locations":[{"start":{"line":98,"column":8},"end":{"line":98,"column":18}},{"start":{"line":98,"column":18},"end":{"line":98,"column":27}}]},"11":{"loc":{"start":{"line":104,"column":14},"end":{"line":104,"column":null}},"type":"cond-expr","locations":[{"start":{"line":104,"column":37},"end":{"line":104,"column":48}},{"start":{"line":104,"column":51},"end":{"line":104,"column":null}}]},"12":{"loc":{"start":{"line":120,"column":14},"end":{"line":120,"column":null}},"type":"cond-expr","locations":[{"start":{"line":120,"column":37},"end":{"line":120,"column":48}},{"start":{"line":120,"column":51},"end":{"line":120,"column":null}}]},"13":{"loc":{"start":{"line":126,"column":2},"end":{"line":134,"column":null}},"type":"if","locations":[{"start":{"line":126,"column":2},"end":{"line":134,"column":null}},{"start":{},"end":{}}]},"14":{"loc":{"start":{"line":131,"column":9},"end":{"line":131,"column":17}},"type":"binary-expr","locations":[{"start":{"line":131,"column":9},"end":{"line":131,"column":17}}]},"15":{"loc":{"start":{"line":218,"column":25},"end":{"line":218,"column":null}},"type":"binary-expr","locations":[{"start":{"line":218,"column":25},"end":{"line":218,"column":38}},{"start":{"line":218,"column":42},"end":{"line":218,"column":null}}]},"16":{"loc":{"start":{"line":229,"column":9},"end":{"line":229,"column":null}},"type":"binary-expr","locations":[{"start":{"line":229,"column":9},"end":{"line":229,"column":null}}]},"17":{"loc":{"start":{"line":234,"column":9},"end":{"line":234,"column":null}},"type":"binary-expr","locations":[{"start":{"line":234,"column":9},"end":{"line":234,"column":null}}]},"18":{"loc":{"start":{"line":246,"column":13},"end":{"line":246,"column":null}},"type":"cond-expr","locations":[{"start":{"line":246,"column":24},"end":{"line":246,"column":38}},{"start":{"line":246,"column":38},"end":{"line":246,"column":null}}]}},"s":{"0":0,"1":0,"2":0,"3":0,"4":0,"5":0,"6":0,"7":0,"8":0,"9":0,"10":0,"11":0,"12":0,"13":0,"14":0,"15":0,"16":0,"17":0,"18":0,"19":0,"20":0,"21":0,"22":0,"23":0,"24":0,"25":0,"26":0,"27":0,"28":0,"29":0,"30":0,"31":0,"32":0,"33":0,"34":0,"35":0,"36":0,"37":0,"38":0,"39":0,"40":0,"41":0,"42":0,"43":0,"44":0,"45":0,"46":0,"47":0,"48":0,"49":0,"50":0,"51":0,"52":0,"53":0,"54":0,"55":0,"56":0,"57":0,"58":0,"59":0,"60":0,"61":0,"62":0,"63":0,"64":0,"65":0,"66":0,"67":0,"68":0,"69":0,"70":0,"71":0,"72":0,"73":0,"74":0,"75":0,"76":0,"77":0,"78":0,"79":0,"80":0,"81":0,"82":0,"83":0,"84":0},"f":{"0":0,"1":0,"2":0,"3":0,"4":0,"5":0,"6":0,"7":0,"8":0,"9":0,"10":0,"11":0,"12":0,"13":0},"b":{"0":[0,0],"1":[0,0],"2":[0,0],"3":[0,0],"4":[0,0],"5":[0,0],"6":[0,0],"7":[0,0],"8":[0,0],"9":[0,0],"10":[0,0],"11":[0,0],"12":[0,0],"13":[0,0],"14":[0],"15":[0,0],"16":[0],"17":[0],"18":[0,0]}}
,"C:\\Users\\VitorBansen-MailouCl\\Documents\\Desenvolvimentos\\Pessoal\\TCC\\frontend\\src\\app\\dashboard\\page.tsx": {"path":"C:\\Users\\VitorBansen-MailouCl\\Documents\\Desenvolvimentos\\Pessoal\\TCC\\frontend\\src\\app\\dashboard\\page.tsx","statementMap":{"0":{"start":{"line":54,"column":24},"end":{"line":54,"column":null}},"1":{"start":{"line":3,"column":17},"end":{"line":3,"column":null}},"2":{"start":{"line":4,"column":26},"end":{"line":4,"column":null}},"3":{"start":{"line":5,"column":69},"end":{"line":5,"column":null}},"4":{"start":{"line":14,"column":7},"end":{"line":14,"column":null}},"5":{"start":{"line":15,"column":37},"end":{"line":15,"column":null}},"6":{"start":{"line":16,"column":32},"end":{"line":16,"column":null}},"7":{"start":{"line":17,"column":19},"end":{"line":17,"column":null}},"8":{"start":{"line":18,"column":19},"end":{"line":18,"column":null}},"9":{"start":{"line":20,"column":58},"end":{"line":25,"column":null}},"10":{"start":{"line":27,"column":57},"end":{"line":32,"column":null}},"11":{"start":{"line":34,"column":21},"end":{"line":34,"column":null}},"12":{"start":{"line":35,"column":18},"end":{"line":35,"column":null}},"13":{"start":{"line":36,"column":17},"end":{"line":36,"column":null}},"14":{"start":{"line":37,"column":16},"end":{"line":37,"column":null}},"15":{"start":{"line":38,"column":20},"end":{"line":38,"column":null}},"16":{"start":{"line":39,"column":20},"end":{"line":39,"column":null}},"17":{"start":{"line":42,"column":2},"end":{"line":42,"column":null}},"18":{"start":{"line":46,"column":2},"end":{"line":46,"column":null}},"19":{"start":{"line":50,"column":12},"end":{"line":50,"column":null}},"20":{"start":{"line":51,"column":2},"end":{"line":51,"column":null}},"21":{"start":{"line":55,"column":17},"end":{"line":55,"column":null}},"22":{"start":{"line":56,"column":32},"end":{"line":56,"column":null}},"23":{"start":{"line":57,"column":42},"end":{"line":57,"column":null}},"24":{"start":{"line":58,"column":26},"end":{"line":58,"column":null}},"25":{"start":{"line":59,"column":42},"end":{"line":59,"column":null}},"26":{"start":{"line":60,"column":52},"end":{"line":60,"column":null}},"27":{"start":{"line":61,"column":44},"end":{"line":61,"column":null}},"28":{"start":{"line":63,"column":19},"end":{"line":78,"column":null}},"29":{"start":{"line":64,"column":18},"end":{"line":64,"column":null}},"30":{"start":{"line":65,"column":4},"end":{"line":68,"column":null}},"31":{"start":{"line":66,"column":6},"end":{"line":66,"column":null}},"32":{"start":{"line":67,"column":6},"end":{"line":67,"column":null}},"33":{"start":{"line":69,"column":4},"end":{"line":77,"column":null}},"34":{"start":{"line":70,"column":23},"end":{"line":70,"column":null}},"35":{"start":{"line":71,"column":6},"end":{"line":71,"column":null}},"36":{"start":{"line":72,"column":6},"end":{"line":72,"column":null}},"37":{"start":{"line":74,"column":6},"end":{"line":74,"column":null}},"38":{"start":{"line":75,"column":6},"end":{"line":75,"column":null}},"39":{"start":{"line":76,"column":6},"end":{"line":76,"column":null}},"40":{"start":{"line":80,"column":2},"end":{"line":82,"column":null}},"41":{"start":{"line":81,"column":4},"end":{"line":81,"column":null}},"42":{"start":{"line":85,"column":18},"end":{"line":85,"column":null}},"43":{"start":{"line":86,"column":4},"end":{"line":86,"column":null}},"44":{"start":{"line":86,"column":16},"end":{"line":86,"column":null}},"45":{"start":{"line":87,"column":4},"end":{"line":87,"column":null}},"46":{"start":{"line":88,"column":4},"end":{"line":97,"column":null}},"47":{"start":{"line":89,"column":25},"end":{"line":89,"column":null}},"48":{"start":{"line":90,"column":6},"end":{"line":91,"column":null}},"49":{"start":{"line":91,"column":8},"end":{"line":91,"column":null}},"50":{"start":{"line":91,"column":27},"end":{"line":91,"column":61}},"51":{"start":{"line":94,"column":6},"end":{"line":94,"column":null}},"52":{"start":{"line":96,"column":6},"end":{"line":96,"column":null}},"53":{"start":{"line":101,"column":18},"end":{"line":101,"column":null}},"54":{"start":{"line":102,"column":4},"end":{"line":102,"column":null}},"55":{"start":{"line":102,"column":16},"end":{"line":102,"column":null}},"56":{"start":{"line":103,"column":4},"end":{"line":111,"column":null}},"57":{"start":{"line":104,"column":25},"end":{"line":104,"column":null}},"58":{"start":{"line":105,"column":6},"end":{"line":106,"column":null}},"59":{"start":{"line":106,"column":8},"end":{"line":106,"column":null}},"60":{"start":{"line":106,"column":27},"end":{"line":106,"column":61}},"61":{"start":{"line":108,"column":6},"end":{"line":108,"column":null}},"62":{"start":{"line":110,"column":6},"end":{"line":110,"column":null}},"63":{"start":{"line":115,"column":4},"end":{"line":115,"column":null}},"64":{"start":{"line":116,"column":4},"end":{"line":116,"column":null}},"65":{"start":{"line":127,"column":2},"end":{"line":127,"column":null}},"66":{"start":{"line":127,"column":33},"end":{"line":127,"column":null}},"67":{"start":{"line":129,"column":19},"end":{"line":129,"column":null}},"68":{"start":{"line":130,"column":18},"end":{"line":130,"column":null}},"69":{"start":{"line":131,"column":17},"end":{"line":132,"column":null}},"70":{"start":{"line":132,"column":11},"end":{"line":132,"column":null}},"71":{"start":{"line":134,"column":19},"end":{"line":135,"column":null}},"72":{"start":{"line":135,"column":11},"end":{"line":135,"column":null}},"73":{"start":{"line":149,"column":30},"end":{"line":149,"column":null}},"74":{"start":{"line":149,"column":57},"end":{"line":149,"column":null}},"75":{"start":{"line":187,"column":18},"end":{"line":188,"column":null}},"76":{"start":{"line":192,"column":38},"end":{"line":192,"column":null}},"77":{"start":{"line":193,"column":39},"end":{"line":193,"column":null}},"78":{"start":{"line":214,"column":16},"end":{"line":215,"column":null}},"79":{"start":{"line":219,"column":36},"end":{"line":219,"column":null}},"80":{"start":{"line":220,"column":37},"end":{"line":220,"column":null}},"81":{"start":{"line":233,"column":14},"end":{"line":233,"column":42}},"82":{"start":{"line":238,"column":29},"end":{"line":238,"column":null}},"83":{"start":{"line":238,"column":57},"end":{"line":238,"column":null}},"84":{"start":{"line":251,"column":49},"end":{"line":251,"column":null}},"85":{"start":{"line":252,"column":40},"end":{"line":252,"column":null}},"86":{"start":{"line":253,"column":26},"end":{"line":253,"column":null}},"87":{"start":{"line":265,"column":42},"end":{"line":265,"column":null}},"88":{"start":{"line":266,"column":50},"end":{"line":266,"column":null}},"89":{"start":{"line":267,"column":26},"end":{"line":267,"column":null}},"90":{"start":{"line":268,"column":38},"end":{"line":268,"column":null}},"91":{"start":{"line":269,"column":32},"end":{"line":269,"column":null}},"92":{"start":{"line":270,"column":26},"end":{"line":270,"column":null}},"93":{"start":{"line":271,"column":32},"end":{"line":271,"column":null}},"94":{"start":{"line":272,"column":34},"end":{"line":272,"column":null}},"95":{"start":{"line":275,"column":4},"end":{"line":275,"column":null}},"96":{"start":{"line":276,"column":4},"end":{"line":276,"column":null}},"97":{"start":{"line":277,"column":4},"end":{"line":277,"column":null}},"98":{"start":{"line":278,"column":18},"end":{"line":278,"column":null}},"99":{"start":{"line":279,"column":4},"end":{"line":279,"column":null}},"100":{"start":{"line":279,"column":16},"end":{"line":279,"column":null}},"101":{"start":{"line":281,"column":19},"end":{"line":281,"column":null}},"102":{"start":{"line":282,"column":4},"end":{"line":285,"column":null}},"103":{"start":{"line":283,"column":6},"end":{"line":283,"column":null}},"104":{"start":{"line":284,"column":6},"end":{"line":284,"column":null}},"105":{"start":{"line":286,"column":16},"end":{"line":286,"column":null}},"106":{"start":{"line":288,"column":4},"end":{"line":288,"column":null}},"107":{"start":{"line":289,"column":4},"end":{"line":306,"column":null}},"108":{"start":{"line":290,"column":21},"end":{"line":295,"column":null}},"109":{"start":{"line":296,"column":6},"end":{"line":296,"column":null}},"110":{"start":{"line":297,"column":6},"end":{"line":297,"column":null}},"111":{"start":{"line":298,"column":6},"end":{"line":298,"column":null}},"112":{"start":{"line":299,"column":6},"end":{"line":299,"column":null}},"113":{"start":{"line":300,"column":6},"end":{"line":300,"column":null}},"114":{"start":{"line":301,"column":6},"end":{"line":301,"column":null}},"115":{"start":{"line":303,"column":6},"end":{"line":303,"column":null}},"116":{"start":{"line":305,"column":6},"end":{"line":305,"column":null}},"117":{"start":{"line":325,"column":29},"end":{"line":325,"column":null}},"118":{"start":{"line":338,"column":29},"end":{"line":338,"column":null}},"119":{"start":{"line":348,"column":29},"end":{"line":348,"column":null}},"120":{"start":{"line":363,"column":29},"end":{"line":363,"column":null}},"121":{"start":{"line":375,"column":29},"end":{"line":375,"column":null}},"122":{"start":{"line":419,"column":4},"end":{"line":419,"column":null}},"123":{"start":{"line":420,"column":23},"end":{"line":420,"column":null}},"124":{"start":{"line":422,"column":4},"end":{"line":424,"column":null}},"125":{"start":{"line":426,"column":17},"end":{"line":428,"column":37}},"126":{"start":{"line":429,"column":20},"end":{"line":431,"column":71}},"127":{"start":{"line":498,"column":24},"end":{"line":498,"column":null}},"128":{"start":{"line":500,"column":20},"end":{"line":503,"column":null}},"129":{"start":{"line":501,"column":22},"end":{"line":501,"column":null}},"130":{"start":{"line":502,"column":4},"end":{"line":502,"column":null}},"131":{"start":{"line":505,"column":17},"end":{"line":509,"column":null}},"132":{"start":{"line":506,"column":14},"end":{"line":506,"column":null}},"133":{"start":{"line":507,"column":4},"end":{"line":507,"column":null}},"134":{"start":{"line":508,"column":4},"end":{"line":508,"column":null}},"135":{"start":{"line":511,"column":28},"end":{"line":518,"column":null}},"136":{"start":{"line":513,"column":6},"end":{"line":517,"column":null}},"137":{"start":{"line":514,"column":8},"end":{"line":514,"column":null}},"138":{"start":{"line":514,"column":66},"end":{"line":514,"column":null}},"139":{"start":{"line":515,"column":23},"end":{"line":515,"column":null}},"140":{"start":{"line":516,"column":8},"end":{"line":516,"column":null}},"141":{"start":{"line":521,"column":16},"end":{"line":524,"column":null}},"142":{"start":{"line":522,"column":20},"end":{"line":522,"column":null}},"143":{"start":{"line":523,"column":4},"end":{"line":523,"column":null}},"144":{"start":{"line":527,"column":24},"end":{"line":527,"column":null}},"145":{"start":{"line":528,"column":20},"end":{"line":528,"column":null}},"146":{"start":{"line":529,"column":16},"end":{"line":529,"column":null}},"147":{"start":{"line":530,"column":19},"end":{"line":530,"column":null}},"148":{"start":{"line":531,"column":4},"end":{"line":531,"column":null}},"149":{"start":{"line":541,"column":27},"end":{"line":541,"column":null}},"150":{"start":{"line":549,"column":12},"end":{"line":550,"column":null}},"151":{"start":{"line":560,"column":27},"end":{"line":560,"column":null}},"152":{"start":{"line":561,"column":24},"end":{"line":561,"column":null}},"153":{"start":{"line":562,"column":26},"end":{"line":562,"column":null}},"154":{"start":{"line":563,"column":28},"end":{"line":569,"column":null}},"155":{"start":{"line":570,"column":12},"end":{"line":572,"column":null}},"156":{"start":{"line":611,"column":4},"end":{"line":612,"column":null}},"157":{"start":{"line":614,"column":26},"end":{"line":614,"column":null}},"158":{"start":{"line":615,"column":38},"end":{"line":615,"column":null}},"159":{"start":{"line":616,"column":26},"end":{"line":616,"column":null}},"160":{"start":{"line":617,"column":34},"end":{"line":617,"column":null}},"161":{"start":{"line":620,"column":4},"end":{"line":620,"column":null}},"162":{"start":{"line":621,"column":4},"end":{"line":621,"column":null}},"163":{"start":{"line":622,"column":19},"end":{"line":622,"column":null}},"164":{"start":{"line":623,"column":4},"end":{"line":626,"column":null}},"165":{"start":{"line":624,"column":6},"end":{"line":624,"column":null}},"166":{"start":{"line":625,"column":6},"end":{"line":625,"column":null}},"167":{"start":{"line":627,"column":16},"end":{"line":627,"column":null}},"168":{"start":{"line":628,"column":4},"end":{"line":628,"column":null}},"169":{"start":{"line":629,"column":4},"end":{"line":634,"column":null}},"170":{"start":{"line":630,"column":6},"end":{"line":630,"column":null}},"171":{"start":{"line":632,"column":6},"end":{"line":632,"column":null}},"172":{"start":{"line":633,"column":6},"end":{"line":633,"column":null}},"173":{"start":{"line":640,"column":22},"end":{"line":640,"column":null}},"174":{"start":{"line":656,"column":31},"end":{"line":656,"column":null}},"175":{"start":{"line":668,"column":31},"end":{"line":668,"column":null}},"176":{"start":{"line":707,"column":12},"end":{"line":707,"column":25}}},"fnMap":{"0":{"name":"pad2","decl":{"start":{"line":41,"column":9},"end":{"line":41,"column":14}},"loc":{"start":{"line":41,"column":23},"end":{"line":43,"column":null}}},"1":{"name":"formatHora","decl":{"start":{"line":45,"column":9},"end":{"line":45,"column":20}},"loc":{"start":{"line":45,"column":27},"end":{"line":47,"column":null}}},"2":{"name":"hojeISO","decl":{"start":{"line":49,"column":9},"end":{"line":49,"column":null}},"loc":{"start":{"line":49,"column":9},"end":{"line":52,"column":null}}},"3":{"name":"DashboardPage","decl":{"start":{"line":54,"column":24},"end":{"line":54,"column":null}},"loc":{"start":{"line":54,"column":24},"end":{"line":258,"column":null}}},"4":{"name":"(anonymous_6)","decl":{"start":{"line":63,"column":31},"end":{"line":63,"column":null}},"loc":{"start":{"line":63,"column":31},"end":{"line":78,"column":5}}},"5":{"name":"(anonymous_7)","decl":{"start":{"line":80,"column":12},"end":{"line":80,"column":null}},"loc":{"start":{"line":80,"column":12},"end":{"line":82,"column":5}}},"6":{"name":"cancelar","decl":{"start":{"line":84,"column":17},"end":{"line":84,"column":26}},"loc":{"start":{"line":84,"column":36},"end":{"line":98,"column":null}}},"7":{"name":"(anonymous_9)","decl":{"start":{"line":90,"column":22},"end":{"line":90,"column":23}},"loc":{"start":{"line":91,"column":8},"end":{"line":91,"column":null}}},"8":{"name":"(anonymous_10)","decl":{"start":{"line":91,"column":19},"end":{"line":91,"column":20}},"loc":{"start":{"line":91,"column":27},"end":{"line":91,"column":61}}},"9":{"name":"reagendar","decl":{"start":{"line":100,"column":17},"end":{"line":100,"column":27}},"loc":{"start":{"line":100,"column":80},"end":{"line":112,"column":null}}},"10":{"name":"(anonymous_12)","decl":{"start":{"line":105,"column":22},"end":{"line":105,"column":23}},"loc":{"start":{"line":106,"column":8},"end":{"line":106,"column":null}}},"11":{"name":"(anonymous_13)","decl":{"start":{"line":106,"column":19},"end":{"line":106,"column":20}},"loc":{"start":{"line":106,"column":27},"end":{"line":106,"column":61}}},"12":{"name":"sair","decl":{"start":{"line":114,"column":11},"end":{"line":114,"column":null}},"loc":{"start":{"line":114,"column":11},"end":{"line":117,"column":null}}},"13":{"name":"(anonymous_15)","decl":{"start":{"line":132,"column":4},"end":{"line":132,"column":5}},"loc":{"start":{"line":132,"column":11},"end":{"line":132,"column":null}}},"14":{"name":"(anonymous_16)","decl":{"start":{"line":135,"column":4},"end":{"line":135,"column":5}},"loc":{"start":{"line":135,"column":11},"end":{"line":135,"column":null}}},"15":{"name":"(anonymous_17)","decl":{"start":{"line":149,"column":20},"end":{"line":149,"column":21}},"loc":{"start":{"line":149,"column":30},"end":{"line":149,"column":null}}},"16":{"name":"(anonymous_18)","decl":{"start":{"line":149,"column":46},"end":{"line":149,"column":47}},"loc":{"start":{"line":149,"column":57},"end":{"line":149,"column":null}}},"17":{"name":"(anonymous_19)","decl":{"start":{"line":186,"column":28},"end":{"line":186,"column":29}},"loc":{"start":{"line":187,"column":18},"end":{"line":188,"column":null}}},"18":{"name":"(anonymous_20)","decl":{"start":{"line":192,"column":32},"end":{"line":192,"column":38}},"loc":{"start":{"line":192,"column":38},"end":{"line":192,"column":null}}},"19":{"name":"(anonymous_21)","decl":{"start":{"line":193,"column":33},"end":{"line":193,"column":39}},"loc":{"start":{"line":193,"column":39},"end":{"line":193,"column":null}}},"20":{"name":"(anonymous_22)","decl":{"start":{"line":213,"column":26},"end":{"line":213,"column":27}},"loc":{"start":{"line":214,"column":16},"end":{"line":215,"column":null}}},"21":{"name":"(anonymous_23)","decl":{"start":{"line":219,"column":30},"end":{"line":219,"column":36}},"loc":{"start":{"line":219,"column":36},"end":{"line":219,"column":null}}},"22":{"name":"(anonymous_24)","decl":{"start":{"line":220,"column":31},"end":{"line":220,"column":37}},"loc":{"start":{"line":220,"column":37},"end":{"line":220,"column":null}}},"23":{"name":"(anonymous_25)","decl":{"start":{"line":232,"column":54},"end":{"line":232,"column":55}},"loc":{"start":{"line":233,"column":14},"end":{"line":233,"column":42}}},"24":{"name":"(anonymous_26)","decl":{"start":{"line":238,"column":23},"end":{"line":238,"column":29}},"loc":{"start":{"line":238,"column":29},"end":{"line":238,"column":null}}},"25":{"name":"(anonymous_27)","decl":{"start":{"line":238,"column":50},"end":{"line":238,"column":51}},"loc":{"start":{"line":238,"column":57},"end":{"line":238,"column":null}}},"26":{"name":"(anonymous_28)","decl":{"start":{"line":251,"column":42},"end":{"line":251,"column":43}},"loc":{"start":{"line":251,"column":49},"end":{"line":251,"column":null}}},"27":{"name":"(anonymous_29)","decl":{"start":{"line":252,"column":23},"end":{"line":252,"column":24}},"loc":{"start":{"line":252,"column":40},"end":{"line":252,"column":null}}},"28":{"name":"(anonymous_30)","decl":{"start":{"line":253,"column":20},"end":{"line":253,"column":26}},"loc":{"start":{"line":253,"column":26},"end":{"line":253,"column":null}}},"29":{"name":"FormAgendamentoMedico","decl":{"start":{"line":260,"column":9},"end":{"line":260,"column":31}},"loc":{"start":{"line":264,"column":1},"end":{"line":403,"column":null}}},"30":{"name":"onSubmit","decl":{"start":{"line":274,"column":17},"end":{"line":274,"column":26}},"loc":{"start":{"line":274,"column":59},"end":{"line":307,"column":null}}},"31":{"name":"(anonymous_33)","decl":{"start":{"line":325,"column":22},"end":{"line":325,"column":23}},"loc":{"start":{"line":325,"column":29},"end":{"line":325,"column":null}}},"32":{"name":"(anonymous_34)","decl":{"start":{"line":338,"column":22},"end":{"line":338,"column":23}},"loc":{"start":{"line":338,"column":29},"end":{"line":338,"column":null}}},"33":{"name":"(anonymous_35)","decl":{"start":{"line":348,"column":22},"end":{"line":348,"column":23}},"loc":{"start":{"line":348,"column":29},"end":{"line":348,"column":null}}},"34":{"name":"(anonymous_36)","decl":{"start":{"line":363,"column":22},"end":{"line":363,"column":23}},"loc":{"start":{"line":363,"column":29},"end":{"line":363,"column":null}}},"35":{"name":"(anonymous_37)","decl":{"start":{"line":375,"column":22},"end":{"line":375,"column":23}},"loc":{"start":{"line":375,"column":29},"end":{"line":375,"column":null}}},"36":{"name":"AgendamentoItem","decl":{"start":{"line":405,"column":9},"end":{"line":405,"column":25}},"loc":{"start":{"line":417,"column":1},"end":{"line":470,"column":null}}},"37":{"name":"EmptyState","decl":{"start":{"line":472,"column":9},"end":{"line":472,"column":20}},"loc":{"start":{"line":480,"column":1},"end":{"line":495,"column":null}}},"38":{"name":"TimelineMedico","decl":{"start":{"line":497,"column":9},"end":{"line":497,"column":24}},"loc":{"start":{"line":497,"column":73},"end":{"line":599,"column":null}}},"39":{"name":"(anonymous_41)","decl":{"start":{"line":500,"column":28},"end":{"line":500,"column":null}},"loc":{"start":{"line":500,"column":28},"end":{"line":503,"column":5}}},"40":{"name":"(anonymous_42)","decl":{"start":{"line":505,"column":25},"end":{"line":505,"column":null}},"loc":{"start":{"line":505,"column":25},"end":{"line":509,"column":5}}},"41":{"name":"(anonymous_43)","decl":{"start":{"line":512,"column":4},"end":{"line":512,"column":null}},"loc":{"start":{"line":513,"column":6},"end":{"line":517,"column":null}}},"42":{"name":"(anonymous_44)","decl":{"start":{"line":513,"column":26},"end":{"line":513,"column":27}},"loc":{"start":{"line":513,"column":27},"end":{"line":517,"column":null}}},"43":{"name":"(anonymous_45)","decl":{"start":{"line":521,"column":52},"end":{"line":521,"column":53}},"loc":{"start":{"line":521,"column":56},"end":{"line":524,"column":null}}},"44":{"name":"getBlockStyle","decl":{"start":{"line":526,"column":11},"end":{"line":526,"column":25}},"loc":{"start":{"line":526,"column":48},"end":{"line":532,"column":null}}},"45":{"name":"(anonymous_47)","decl":{"start":{"line":541,"column":20},"end":{"line":541,"column":21}},"loc":{"start":{"line":541,"column":27},"end":{"line":541,"column":null}}},"46":{"name":"(anonymous_48)","decl":{"start":{"line":548,"column":21},"end":{"line":548,"column":22}},"loc":{"start":{"line":549,"column":12},"end":{"line":550,"column":null}}},"47":{"name":"(anonymous_49)","decl":{"start":{"line":559,"column":33},"end":{"line":559,"column":34}},"loc":{"start":{"line":559,"column":34},"end":{"line":589,"column":null}}},"48":{"name":"ModalReagendar","decl":{"start":{"line":601,"column":9},"end":{"line":601,"column":24}},"loc":{"start":{"line":609,"column":1},"end":{"line":697,"column":null}}},"49":{"name":"onSubmit","decl":{"start":{"line":619,"column":17},"end":{"line":619,"column":26}},"loc":{"start":{"line":619,"column":44},"end":{"line":635,"column":null}}},"50":{"name":"(anonymous_52)","decl":{"start":{"line":640,"column":15},"end":{"line":640,"column":16}},"loc":{"start":{"line":640,"column":22},"end":{"line":640,"column":null}}},"51":{"name":"(anonymous_53)","decl":{"start":{"line":656,"column":24},"end":{"line":656,"column":25}},"loc":{"start":{"line":656,"column":31},"end":{"line":656,"column":null}}},"52":{"name":"(anonymous_54)","decl":{"start":{"line":668,"column":24},"end":{"line":668,"column":25}},"loc":{"start":{"line":668,"column":31},"end":{"line":668,"column":null}}},"53":{"name":"SkeletonDashboard","decl":{"start":{"line":699,"column":9},"end":{"line":699,"column":null}},"loc":{"start":{"line":699,"column":9},"end":{"line":714,"column":null}}},"54":{"name":"(anonymous_56)","decl":{"start":{"line":706,"column":25},"end":{"line":706,"column":26}},"loc":{"start":{"line":707,"column":12},"end":{"line":707,"column":25}}}},"branchMap":{"0":{"loc":{"start":{"line":65,"column":4},"end":{"line":68,"column":null}},"type":"if","locations":[{"start":{"line":65,"column":4},"end":{"line":68,"column":null}},{"start":{},"end":{}}]},"1":{"loc":{"start":{"line":74,"column":14},"end":{"line":74,"column":null}},"type":"cond-expr","locations":[{"start":{"line":74,"column":37},"end":{"line":74,"column":48}},{"start":{"line":74,"column":51},"end":{"line":74,"column":null}}]},"2":{"loc":{"start":{"line":86,"column":4},"end":{"line":86,"column":null}},"type":"if","locations":[{"start":{"line":86,"column":4},"end":{"line":86,"column":null}},{"start":{},"end":{}}]},"3":{"loc":{"start":{"line":91,"column":8},"end":{"line":91,"column":null}},"type":"binary-expr","locations":[{"start":{"line":91,"column":8},"end":{"line":91,"column":61}},{"start":{"line":91,"column":61},"end":{"line":91,"column":null}}]},"4":{"loc":{"start":{"line":91,"column":27},"end":{"line":91,"column":61}},"type":"cond-expr","locations":[{"start":{"line":91,"column":41},"end":{"line":91,"column":54}},{"start":{"line":91,"column":54},"end":{"line":91,"column":61}}]},"5":{"loc":{"start":{"line":94,"column":14},"end":{"line":94,"column":null}},"type":"cond-expr","locations":[{"start":{"line":94,"column":37},"end":{"line":94,"column":48}},{"start":{"line":94,"column":51},"end":{"line":94,"column":null}}]},"6":{"loc":{"start":{"line":102,"column":4},"end":{"line":102,"column":null}},"type":"if","locations":[{"start":{"line":102,"column":4},"end":{"line":102,"column":null}},{"start":{},"end":{}}]},"7":{"loc":{"start":{"line":106,"column":8},"end":{"line":106,"column":null}},"type":"binary-expr","locations":[{"start":{"line":106,"column":8},"end":{"line":106,"column":61}},{"start":{"line":106,"column":61},"end":{"line":106,"column":null}}]},"8":{"loc":{"start":{"line":106,"column":27},"end":{"line":106,"column":61}},"type":"cond-expr","locations":[{"start":{"line":106,"column":41},"end":{"line":106,"column":54}},{"start":{"line":106,"column":54},"end":{"line":106,"column":61}}]},"9":{"loc":{"start":{"line":127,"column":2},"end":{"line":127,"column":null}},"type":"if","locations":[{"start":{"line":127,"column":2},"end":{"line":127,"column":null}},{"start":{},"end":{}}]},"10":{"loc":{"start":{"line":127,"column":6},"end":{"line":127,"column":33}},"type":"binary-expr","locations":[{"start":{"line":127,"column":6},"end":{"line":127,"column":18}},{"start":{"line":127,"column":18},"end":{"line":127,"column":33}}]},"11":{"loc":{"start":{"line":132,"column":11},"end":{"line":132,"column":null}},"type":"binary-expr","locations":[{"start":{"line":132,"column":11},"end":{"line":132,"column":38}},{"start":{"line":132,"column":38},"end":{"line":132,"column":null}}]},"12":{"loc":{"start":{"line":135,"column":11},"end":{"line":135,"column":null}},"type":"binary-expr","locations":[{"start":{"line":135,"column":11},"end":{"line":135,"column":39}},{"start":{"line":135,"column":39},"end":{"line":135,"column":null}}]},"13":{"loc":{"start":{"line":148,"column":8},"end":{"line":152,"column":9}},"type":"cond-expr","locations":[{"start":{"line":148,"column":8},"end":{"line":152,"column":9}}]},"14":{"loc":{"start":{"line":149,"column":62},"end":{"line":149,"column":73}},"type":"binary-expr","locations":[{"start":{"line":149,"column":62},"end":{"line":149,"column":71}},{"start":{"line":149,"column":71},"end":{"line":149,"column":73}}]},"15":{"loc":{"start":{"line":153,"column":11},"end":{"line":153,"column":null}},"type":"binary-expr","locations":[{"start":{"line":153,"column":11},"end":{"line":153,"column":null}}]},"16":{"loc":{"start":{"line":161,"column":11},"end":{"line":161,"column":null}},"type":"binary-expr","locations":[{"start":{"line":161,"column":11},"end":{"line":161,"column":null}}]},"17":{"loc":{"start":{"line":173,"column":8},"end":{"line":201,"column":9}},"type":"cond-expr","locations":[{"start":{"line":173,"column":8},"end":{"line":201,"column":9}}]},"18":{"loc":{"start":{"line":178,"column":14},"end":{"line":185,"column":15}},"type":"cond-expr","locations":[{"start":{"line":178,"column":14},"end":{"line":185,"column":15}}]},"19":{"loc":{"start":{"line":206,"column":12},"end":{"line":212,"column":13}},"type":"cond-expr","locations":[{"start":{"line":206,"column":12},"end":{"line":212,"column":13}}]},"20":{"loc":{"start":{"line":228,"column":7},"end":{"line":228,"column":null}},"type":"binary-expr","locations":[{"start":{"line":228,"column":7},"end":{"line":228,"column":null}}]},"21":{"loc":{"start":{"line":236,"column":11},"end":{"line":236,"column":null}},"type":"binary-expr","locations":[{"start":{"line":236,"column":11},"end":{"line":236,"column":null}}]},"22":{"loc":{"start":{"line":249,"column":7},"end":{"line":249,"column":null}},"type":"binary-expr","locations":[{"start":{"line":249,"column":7},"end":{"line":249,"column":null}}]},"23":{"loc":{"start":{"line":279,"column":4},"end":{"line":279,"column":null}},"type":"if","locations":[{"start":{"line":279,"column":4},"end":{"line":279,"column":null}},{"start":{},"end":{}}]},"24":{"loc":{"start":{"line":282,"column":4},"end":{"line":285,"column":null}},"type":"if","locations":[{"start":{"line":282,"column":4},"end":{"line":285,"column":null}},{"start":{},"end":{}}]},"25":{"loc":{"start":{"line":303,"column":14},"end":{"line":303,"column":null}},"type":"cond-expr","locations":[{"start":{"line":303,"column":37},"end":{"line":303,"column":48}},{"start":{"line":303,"column":51},"end":{"line":303,"column":null}}]},"26":{"loc":{"start":{"line":380,"column":9},"end":{"line":380,"column":null}},"type":"binary-expr","locations":[{"start":{"line":380,"column":9},"end":{"line":380,"column":null}}]},"27":{"loc":{"start":{"line":385,"column":9},"end":{"line":385,"column":null}},"type":"binary-expr","locations":[{"start":{"line":385,"column":9},"end":{"line":385,"column":null}}]},"28":{"loc":{"start":{"line":397,"column":13},"end":{"line":397,"column":null}},"type":"cond-expr","locations":[{"start":{"line":397,"column":24},"end":{"line":397,"column":39}},{"start":{"line":397,"column":39},"end":{"line":397,"column":null}}]},"29":{"loc":{"start":{"line":419,"column":4},"end":{"line":419,"column":null}},"type":"binary-expr","locations":[{"start":{"line":419,"column":4},"end":{"line":419,"column":41}},{"start":{"line":419,"column":41},"end":{"line":419,"column":null}}]},"30":{"loc":{"start":{"line":420,"column":23},"end":{"line":420,"column":null}},"type":"binary-expr","locations":[{"start":{"line":420,"column":23},"end":{"line":420,"column":37}},{"start":{"line":420,"column":37},"end":{"line":420,"column":null}}]},"31":{"loc":{"start":{"line":422,"column":4},"end":{"line":424,"column":null}},"type":"binary-expr","locations":[{"start":{"line":422,"column":4},"end":{"line":422,"column":null}},{"start":{"line":423,"column":4},"end":{"line":423,"column":null}},{"start":{"line":424,"column":4},"end":{"line":424,"column":null}}]},"32":{"loc":{"start":{"line":426,"column":17},"end":{"line":428,"column":37}},"type":"cond-expr","locations":[{"start":{"line":427,"column":6},"end":{"line":427,"column":31}},{"start":{"line":428,"column":6},"end":{"line":428,"column":37}}]},"33":{"loc":{"start":{"line":429,"column":20},"end":{"line":431,"column":71}},"type":"cond-expr","locations":[{"start":{"line":430,"column":6},"end":{"line":430,"column":35}},{"start":{"line":431,"column":6},"end":{"line":431,"column":71}}]},"34":{"loc":{"start":{"line":449,"column":11},"end":{"line":449,"column":null}},"type":"binary-expr","locations":[{"start":{"line":449,"column":11},"end":{"line":449,"column":null}}]},"35":{"loc":{"start":{"line":457,"column":11},"end":{"line":457,"column":null}},"type":"binary-expr","locations":[{"start":{"line":457,"column":11},"end":{"line":457,"column":null}}]},"36":{"loc":{"start":{"line":463,"column":15},"end":{"line":463,"column":null}},"type":"cond-expr","locations":[{"start":{"line":463,"column":28},"end":{"line":463,"column":44}},{"start":{"line":463,"column":44},"end":{"line":463,"column":null}}]},"37":{"loc":{"start":{"line":485,"column":7},"end":{"line":485,"column":null}},"type":"binary-expr","locations":[{"start":{"line":485,"column":7},"end":{"line":485,"column":null}}]},"38":{"loc":{"start":{"line":514,"column":8},"end":{"line":514,"column":null}},"type":"if","locations":[{"start":{"line":514,"column":8},"end":{"line":514,"column":null}},{"start":{},"end":{}}]},"39":{"loc":{"start":{"line":514,"column":12},"end":{"line":514,"column":66}},"type":"binary-expr","locations":[{"start":{"line":514,"column":12},"end":{"line":514,"column":39}},{"start":{"line":514,"column":39},"end":{"line":514,"column":66}}]},"40":{"loc":{"start":{"line":516,"column":15},"end":{"line":516,"column":null}},"type":"binary-expr","locations":[{"start":{"line":516,"column":15},"end":{"line":516,"column":38}},{"start":{"line":516,"column":38},"end":{"line":516,"column":null}}]},"41":{"loc":{"start":{"line":567,"column":14},"end":{"line":567,"column":null}},"type":"binary-expr","locations":[{"start":{"line":567,"column":14},"end":{"line":567,"column":23}},{"start":{"line":567,"column":23},"end":{"line":567,"column":null}}]},"42":{"loc":{"start":{"line":585,"column":19},"end":{"line":585,"column":null}},"type":"cond-expr","locations":[{"start":{"line":585,"column":27},"end":{"line":585,"column":40}},{"start":{"line":585,"column":43},"end":{"line":585,"column":null}}]},"43":{"loc":{"start":{"line":591,"column":9},"end":{"line":591,"column":null}},"type":"binary-expr","locations":[{"start":{"line":591,"column":9},"end":{"line":591,"column":null}}]},"44":{"loc":{"start":{"line":623,"column":4},"end":{"line":626,"column":null}},"type":"if","locations":[{"start":{"line":623,"column":4},"end":{"line":626,"column":null}},{"start":{},"end":{}}]},"45":{"loc":{"start":{"line":632,"column":14},"end":{"line":632,"column":null}},"type":"cond-expr","locations":[{"start":{"line":632,"column":37},"end":{"line":632,"column":48}},{"start":{"line":632,"column":51},"end":{"line":632,"column":null}}]},"46":{"loc":{"start":{"line":640,"column":22},"end":{"line":640,"column":null}},"type":"binary-expr","locations":[{"start":{"line":640,"column":22},"end":{"line":640,"column":50}},{"start":{"line":640,"column":54},"end":{"line":640,"column":null}}]},"47":{"loc":{"start":{"line":673,"column":11},"end":{"line":673,"column":null}},"type":"binary-expr","locations":[{"start":{"line":673,"column":11},"end":{"line":673,"column":null}}]},"48":{"loc":{"start":{"line":690,"column":15},"end":{"line":690,"column":null}},"type":"cond-expr","locations":[{"start":{"line":690,"column":26},"end":{"line":690,"column":40}},{"start":{"line":690,"column":40},"end":{"line":690,"column":null}}]}},"s":{"0":0,"1":0,"2":0,"3":0,"4":0,"5":0,"6":0,"7":0,"8":0,"9":0,"10":0,"11":0,"12":0,"13":0,"14":0,"15":0,"16":0,"17":0,"18":0,"19":0,"20":0,"21":0,"22":0,"23":0,"24":0,"25":0,"26":0,"27":0,"28":0,"29":0,"30":0,"31":0,"32":0,"33":0,"34":0,"35":0,"36":0,"37":0,"38":0,"39":0,"40":0,"41":0,"42":0,"43":0,"44":0,"45":0,"46":0,"47":0,"48":0,"49":0,"50":0,"51":0,"52":0,"53":0,"54":0,"55":0,"56":0,"57":0,"58":0,"59":0,"60":0,"61":0,"62":0,"63":0,"64":0,"65":0,"66":0,"67":0,"68":0,"69":0,"70":0,"71":0,"72":0,"73":0,"74":0,"75":0,"76":0,"77":0,"78":0,"79":0,"80":0,"81":0,"82":0,"83":0,"84":0,"85":0,"86":0,"87":0,"88":0,"89":0,"90":0,"91":0,"92":0,"93":0,"94":0,"95":0,"96":0,"97":0,"98":0,"99":0,"100":0,"101":0,"102":0,"103":0,"104":0,"105":0,"106":0,"107":0,"108":0,"109":0,"110":0,"111":0,"112":0,"113":0,"114":0,"115":0,"116":0,"117":0,"118":0,"119":0,"120":0,"121":0,"122":0,"123":0,"124":0,"125":0,"126":0,"127":0,"128":0,"129":0,"130":0,"131":0,"132":0,"133":0,"134":0,"135":0,"136":0,"137":0,"138":0,"139":0,"140":0,"141":0,"142":0,"143":0,"144":0,"145":0,"146":0,"147":0,"148":0,"149":0,"150":0,"151":0,"152":0,"153":0,"154":0,"155":0,"156":0,"157":0,"158":0,"159":0,"160":0,"161":0,"162":0,"163":0,"164":0,"165":0,"166":0,"167":0,"168":0,"169":0,"170":0,"171":0,"172":0,"173":0,"174":0,"175":0,"176":0},"f":{"0":0,"1":0,"2":0,"3":0,"4":0,"5":0,"6":0,"7":0,"8":0,"9":0,"10":0,"11":0,"12":0,"13":0,"14":0,"15":0,"16":0,"17":0,"18":0,"19":0,"20":0,"21":0,"22":0,"23":0,"24":0,"25":0,"26":0,"27":0,"28":0,"29":0,"30":0,"31":0,"32":0,"33":0,"34":0,"35":0,"36":0,"37":0,"38":0,"39":0,"40":0,"41":0,"42":0,"43":0,"44":0,"45":0,"46":0,"47":0,"48":0,"49":0,"50":0,"51":0,"52":0,"53":0,"54":0},"b":{"0":[0,0],"1":[0,0],"2":[0,0],"3":[0,0],"4":[0,0],"5":[0,0],"6":[0,0],"7":[0,0],"8":[0,0],"9":[0,0],"10":[0,0],"11":[0,0],"12":[0,0],"13":[0],"14":[0,0],"15":[0],"16":[0],"17":[0],"18":[0],"19":[0],"20":[0],"21":[0],"22":[0],"23":[0,0],"24":[0,0],"25":[0,0],"26":[0],"27":[0],"28":[0,0],"29":[0,0],"30":[0,0],"31":[0,0,0],"32":[0,0],"33":[0,0],"34":[0],"35":[0],"36":[0,0],"37":[0],"38":[0,0],"39":[0,0],"40":[0,0],"41":[0,0],"42":[0,0],"43":[0],"44":[0,0],"45":[0,0],"46":[0,0],"47":[0],"48":[0,0]}}
,"C:\\Users\\VitorBansen-MailouCl\\Documents\\Desenvolvimentos\\Pessoal\\TCC\\frontend\\src\\app\\login\\page.tsx": {"path":"C:\\Users\\VitorBansen-MailouCl\\Documents\\Desenvolvimentos\\Pessoal\\TCC\\frontend\\src\\app\\login\\page.tsx","statementMap":{"0":{"start":{"line":9,"column":24},"end":{"line":9,"column":null}},"1":{"start":{"line":3,"column":17},"end":{"line":3,"column":null}},"2":{"start":{"line":4,"column":26},"end":{"line":4,"column":null}},"3":{"start":{"line":5,"column":36},"end":{"line":5,"column":null}},"4":{"start":{"line":6,"column":22},"end":{"line":6,"column":null}},"5":{"start":{"line":7,"column":26},"end":{"line":7,"column":null}},"6":{"start":{"line":10,"column":17},"end":{"line":10,"column":null}},"7":{"start":{"line":11,"column":28},"end":{"line":11,"column":null}},"8":{"start":{"line":12,"column":28},"end":{"line":12,"column":null}},"9":{"start":{"line":13,"column":26},"end":{"line":13,"column":null}},"10":{"start":{"line":14,"column":38},"end":{"line":14,"column":null}},"11":{"start":{"line":17,"column":4},"end":{"line":17,"column":null}},"12":{"start":{"line":18,"column":4},"end":{"line":18,"column":null}},"13":{"start":{"line":19,"column":4},"end":{"line":19,"column":null}},"14":{"start":{"line":20,"column":4},"end":{"line":28,"column":null}},"15":{"start":{"line":21,"column":24},"end":{"line":21,"column":null}},"16":{"start":{"line":22,"column":6},"end":{"line":22,"column":null}},"17":{"start":{"line":23,"column":6},"end":{"line":23,"column":null}},"18":{"start":{"line":25,"column":6},"end":{"line":25,"column":null}},"19":{"start":{"line":27,"column":6},"end":{"line":27,"column":null}},"20":{"start":{"line":47,"column":31},"end":{"line":47,"column":null}},"21":{"start":{"line":60,"column":31},"end":{"line":60,"column":null}}},"fnMap":{"0":{"name":"LoginPage","decl":{"start":{"line":9,"column":24},"end":{"line":9,"column":null}},"loc":{"start":{"line":9,"column":24},"end":{"line":87,"column":null}}},"1":{"name":"onSubmit","decl":{"start":{"line":16,"column":17},"end":{"line":16,"column":26}},"loc":{"start":{"line":16,"column":59},"end":{"line":29,"column":null}}},"2":{"name":"(anonymous_4)","decl":{"start":{"line":47,"column":24},"end":{"line":47,"column":25}},"loc":{"start":{"line":47,"column":31},"end":{"line":47,"column":null}}},"3":{"name":"(anonymous_5)","decl":{"start":{"line":60,"column":24},"end":{"line":60,"column":25}},"loc":{"start":{"line":60,"column":31},"end":{"line":60,"column":null}}}},"branchMap":{"0":{"loc":{"start":{"line":25,"column":14},"end":{"line":25,"column":null}},"type":"cond-expr","locations":[{"start":{"line":25,"column":37},"end":{"line":25,"column":48}},{"start":{"line":25,"column":51},"end":{"line":25,"column":null}}]},"1":{"loc":{"start":{"line":65,"column":11},"end":{"line":65,"column":null}},"type":"binary-expr","locations":[{"start":{"line":65,"column":11},"end":{"line":65,"column":null}}]},"2":{"loc":{"start":{"line":74,"column":13},"end":{"line":74,"column":null}},"type":"cond-expr","locations":[{"start":{"line":74,"column":26},"end":{"line":74,"column":40}},{"start":{"line":74,"column":40},"end":{"line":74,"column":null}}]}},"s":{"0":3,"1":1,"2":1,"3":1,"4":1,"5":1,"6":61,"7":61,"8":61,"9":61,"10":61,"11":2,"12":2,"13":2,"14":2,"15":2,"16":1,"17":1,"18":1,"19":2,"20":38,"21":16},"f":{"0":61,"1":2,"2":38,"3":16},"b":{"0":[1,0],"1":[61],"2":[2,59]}}
,"C:\\Users\\VitorBansen-MailouCl\\Documents\\Desenvolvimentos\\Pessoal\\TCC\\frontend\\src\\app\\medicos\\page.tsx": {"path":"C:\\Users\\VitorBansen-MailouCl\\Documents\\Desenvolvimentos\\Pessoal\\TCC\\frontend\\src\\app\\medicos\\page.tsx","statementMap":{"0":{"start":{"line":12,"column":24},"end":{"line":12,"column":null}},"1":{"start":{"line":3,"column":17},"end":{"line":3,"column":null}},"2":{"start":{"line":4,"column":26},"end":{"line":4,"column":null}},"3":{"start":{"line":5,"column":60},"end":{"line":5,"column":null}},"4":{"start":{"line":6,"column":36},"end":{"line":6,"column":null}},"5":{"start":{"line":7,"column":37},"end":{"line":7,"column":null}},"6":{"start":{"line":8,"column":34},"end":{"line":8,"column":null}},"7":{"start":{"line":9,"column":19},"end":{"line":9,"column":null}},"8":{"start":{"line":10,"column":19},"end":{"line":10,"column":null}},"9":{"start":{"line":13,"column":17},"end":{"line":13,"column":null}},"10":{"start":{"line":14,"column":32},"end":{"line":14,"column":null}},"11":{"start":{"line":15,"column":44},"end":{"line":15,"column":null}},"12":{"start":{"line":16,"column":26},"end":{"line":16,"column":null}},"13":{"start":{"line":17,"column":38},"end":{"line":17,"column":null}},"14":{"start":{"line":18,"column":26},"end":{"line":18,"column":null}},"15":{"start":{"line":20,"column":17},"end":{"line":44,"column":null}},"16":{"start":{"line":22,"column":20},"end":{"line":22,"column":null}},"17":{"start":{"line":23,"column":6},"end":{"line":26,"column":null}},"18":{"start":{"line":24,"column":8},"end":{"line":24,"column":null}},"19":{"start":{"line":25,"column":8},"end":{"line":25,"column":null}},"20":{"start":{"line":27,"column":6},"end":{"line":27,"column":null}},"21":{"start":{"line":28,"column":6},"end":{"line":28,"column":null}},"22":{"start":{"line":29,"column":6},"end":{"line":42,"column":null}},"23":{"start":{"line":30,"column":26},"end":{"line":30,"column":null}},"24":{"start":{"line":31,"column":8},"end":{"line":31,"column":null}},"25":{"start":{"line":33,"column":8},"end":{"line":37,"column":null}},"26":{"start":{"line":34,"column":10},"end":{"line":34,"column":null}},"27":{"start":{"line":35,"column":10},"end":{"line":35,"column":null}},"28":{"start":{"line":36,"column":10},"end":{"line":36,"column":null}},"29":{"start":{"line":38,"column":8},"end":{"line":38,"column":null}},"30":{"start":{"line":39,"column":8},"end":{"line":39,"column":null}},"31":{"start":{"line":41,"column":8},"end":{"line":41,"column":null}},"32":{"start":{"line":47,"column":2},"end":{"line":49,"column":null}},"33":{"start":{"line":48,"column":4},"end":{"line":48,"column":null}},"34":{"start":{"line":52,"column":4},"end":{"line":52,"column":null}},"35":{"start":{"line":53,"column":4},"end":{"line":56,"column":null}},"36":{"start":{"line":60,"column":4},"end":{"line":60,"column":null}},"37":{"start":{"line":61,"column":4},"end":{"line":61,"column":null}},"38":{"start":{"line":62,"column":4},"end":{"line":62,"column":null}},"39":{"start":{"line":81,"column":27},"end":{"line":81,"column":null}},"40":{"start":{"line":88,"column":27},"end":{"line":88,"column":null}},"41":{"start":{"line":121,"column":31},"end":{"line":121,"column":54}},"42":{"start":{"line":131,"column":15},"end":{"line":135,"column":8}},"43":{"start":{"line":133,"column":20},"end":{"line":133,"column":40}},"44":{"start":{"line":159,"column":8},"end":{"line":159,"column":21}}},"fnMap":{"0":{"name":"BuscaMedicosPage","decl":{"start":{"line":12,"column":24},"end":{"line":12,"column":null}},"loc":{"start":{"line":12,"column":24},"end":{"line":128,"column":null}}},"1":{"name":"(anonymous_3)","decl":{"start":{"line":21,"column":4},"end":{"line":21,"column":11}},"loc":{"start":{"line":21,"column":11},"end":{"line":43,"column":null}}},"2":{"name":"(anonymous_4)","decl":{"start":{"line":47,"column":12},"end":{"line":47,"column":null}},"loc":{"start":{"line":47,"column":12},"end":{"line":49,"column":5}}},"3":{"name":"aoSubmeter","decl":{"start":{"line":51,"column":11},"end":{"line":51,"column":22}},"loc":{"start":{"line":51,"column":51},"end":{"line":57,"column":null}}},"4":{"name":"limpar","decl":{"start":{"line":59,"column":11},"end":{"line":59,"column":null}},"loc":{"start":{"line":59,"column":11},"end":{"line":63,"column":null}}},"5":{"name":"(anonymous_7)","decl":{"start":{"line":81,"column":20},"end":{"line":81,"column":21}},"loc":{"start":{"line":81,"column":27},"end":{"line":81,"column":null}}},"6":{"name":"(anonymous_8)","decl":{"start":{"line":88,"column":20},"end":{"line":88,"column":21}},"loc":{"start":{"line":88,"column":27},"end":{"line":88,"column":null}}},"7":{"name":"(anonymous_9)","decl":{"start":{"line":121,"column":24},"end":{"line":121,"column":25}},"loc":{"start":{"line":121,"column":31},"end":{"line":121,"column":54}}},"8":{"name":"MedicoCard","decl":{"start":{"line":130,"column":9},"end":{"line":130,"column":20}},"loc":{"start":{"line":130,"column":50},"end":{"line":153,"column":null}}},"9":{"name":"(anonymous_11)","decl":{"start":{"line":133,"column":13},"end":{"line":133,"column":14}},"loc":{"start":{"line":133,"column":20},"end":{"line":133,"column":40}}},"10":{"name":"SkeletonGrid","decl":{"start":{"line":155,"column":9},"end":{"line":155,"column":null}},"loc":{"start":{"line":155,"column":9},"end":{"line":163,"column":null}}},"11":{"name":"(anonymous_13)","decl":{"start":{"line":158,"column":30},"end":{"line":158,"column":31}},"loc":{"start":{"line":159,"column":8},"end":{"line":159,"column":21}}}},"branchMap":{"0":{"loc":{"start":{"line":23,"column":6},"end":{"line":26,"column":null}},"type":"if","locations":[{"start":{"line":23,"column":6},"end":{"line":26,"column":null}},{"start":{},"end":{}}]},"1":{"loc":{"start":{"line":33,"column":8},"end":{"line":37,"column":null}},"type":"if","locations":[{"start":{"line":33,"column":8},"end":{"line":37,"column":null}},{"start":{},"end":{}}]},"2":{"loc":{"start":{"line":33,"column":12},"end":{"line":33,"column":81}},"type":"binary-expr","locations":[{"start":{"line":33,"column":12},"end":{"line":33,"column":36}},{"start":{"line":33,"column":36},"end":{"line":33,"column":81}}]},"3":{"loc":{"start":{"line":38,"column":16},"end":{"line":38,"column":null}},"type":"cond-expr","locations":[{"start":{"line":38,"column":39},"end":{"line":38,"column":50}},{"start":{"line":38,"column":53},"end":{"line":38,"column":null}}]},"4":{"loc":{"start":{"line":54,"column":21},"end":{"line":54,"column":null}},"type":"binary-expr","locations":[{"start":{"line":54,"column":21},"end":{"line":54,"column":45}},{"start":{"line":54,"column":45},"end":{"line":54,"column":null}}]},"5":{"loc":{"start":{"line":55,"column":12},"end":{"line":55,"column":null}},"type":"binary-expr","locations":[{"
[...]
}},"57":{"start":{"line":184,"column":19},"end":{"line":184,"column":null}},"58":{"start":{"line":185,"column":2},"end":{"line":185,"column":null}},"59":{"start":{"line":185,"column":20},"end":{"line":185,"column":null}},"60":{"start":{"line":186,"column":14},"end":{"line":186,"column":89}},"61":{"start":{"line":187,"column":14},"end":{"line":187,"column":null}},"62":{"start":{"line":188,"column":2},"end":{"line":188,"column":null}},"63":{"start":{"line":204,"column":14},"end":{"line":208,"column":null}},"64":{"start":{"line":209,"column":2},"end":{"line":209,"column":null}},"65":{"start":{"line":213,"column":14},"end":{"line":217,"column":null}},"66":{"start":{"line":218,"column":2},"end":{"line":218,"column":null}},"67":{"start":{"line":227,"column":14},"end":{"line":231,"column":null}},"68":{"start":{"line":232,"column":2},"end":{"line":232,"column":null}},"69":{"start":{"line":242,"column":14},"end":{"line":246,"column":null}},"70":{"start":{"line":247,"column":2},"end":{"line":247,"column":null}},"71":{"start":{"line":251,"column":14},"end":{"line":254,"column":null}},"72":{"start":{"line":255,"column":2},"end":{"line":258,"column":null}},"73":{"start":{"line":256,"column":17},"end":{"line":256,"column":null}},"74":{"start":{"line":256,"column":47},"end":{"line":256,"column":null}},"75":{"start":{"line":257,"column":4},"end":{"line":257,"column":null}}},"fnMap":{"0":{"name":"handleResponse","decl":{"start":{"line":48,"column":15},"end":{"line":48,"column":33}},"loc":{"start":{"line":48,"column":46},"end":{"line":54,"column":null}}},"1":{"name":"(anonymous_17)","decl":{"start":{"line":50,"column":40},"end":{"line":50,"column":47}},"loc":{"start":{"line":50,"column":47},"end":{"line":50,"column":null}}},"2":{"name":"authHeaders","decl":{"start":{"line":56,"column":9},"end":{"line":56,"column":21}},"loc":{"start":{"line":56,"column":34},"end":{"line":58,"column":null}}},"3":{"name":"login","decl":{"start":{"line":60,"column":22},"end":{"line":60,"column":27}},"loc":{"start":{"line":60,"column":56},"end":{"line":67,"column":null}}},"4":{"name":"register","decl":{"start":{"line":69,"column":22},"end":{"line":69,"column":30}},"loc":{"start":{"line":75,"column":1},"end":{"line":82,"column":null}}},"5":{"name":"fetchMe","decl":{"start":{"line":84,"column":22},"end":{"line":84,"column":29}},"loc":{"start":{"line":84,"column":43},"end":{"line":89,"column":null}}},"6":{"name":"listMedicos","decl":{"start":{"line":91,"column":22},"end":{"line":91,"column":33}},"loc":{"start":{"line":93,"column":53},"end":{"line":101,"column":null}}},"7":{"name":"getMedico","decl":{"start":{"line":103,"column":22},"end":{"line":103,"column":31}},"loc":{"start":{"line":103,"column":57},"end":{"line":108,"column":null}}},"8":{"name":"(anonymous_24)","decl":{"start":{"line":105,"column":30},"end":{"line":105,"column":31}},"loc":{"start":{"line":105,"column":37},"end":{"line":105,"column":null}}},"9":{"name":"createMedico","decl":{"start":{"line":119,"column":22},"end":{"line":119,"column":34}},"loc":{"start":{"line":121,"column":26},"end":{"line":129,"column":null}}},"10":{"name":"updateMedico","decl":{"start":{"line":139,"column":22},"end":{"line":139,"column":34}},"loc":{"start":{"line":142,"column":26},"end":{"line":150,"column":null}}},"11":{"name":"deleteMedico","decl":{"start":{"line":152,"column":22},"end":{"line":152,"column":34}},"loc":{"start":{"line":152,"column":60},"end":{"line":161,"column":null}}},"12":{"name":"(anonymous_28)","decl":{"start":{"line":158,"column":40},"end":{"line":158,"column":47}},"loc":{"start":{"line":158,"column":47},"end":{"line":158,"column":null}}},"13":{"name":"listSlotsOcupados","decl":{"start":{"line":168,"column":22},"end":{"line":168,"column":39}},"loc":{"start":{"line":170,"column":18},"end":{"line":176,"column":null}}},"14":{"name":"listAgendamentos","decl":{"start":{"line":178,"column":22},"end":{"line":178,"column":38}},"loc":{"start":{"line":180,"column":69},"end":{"line":189,"column":null}}},"15":{"name":"createAgendamento","decl":{"start":{"line":200,"column":22},"end":{"line":200,"column":39}},"loc":{"start":{"line":202,"column":31},"end":{"line":210,"column":null}}},"16":{"name":"cancelarAgendamento","decl":{"start":{"line":212,"column":22},"end":{"line":212,"column":41}},"loc":{"start":{"line":212,"column":67},"end":{"line":219,"column":null}}},"17":{"name":"reagendarAgendamento","decl":{"start":{"line":221,"column":22},"end":{"line":221,"column":42}},"loc":{"start":{"line":225,"column":20},"end":{"line":233,"column":null}}},"18":{"name":"updateMe","decl":{"start":{"line":241,"column":22},"end":{"line":241,"column":30}},"loc":{"start":{"line":241,"column":66},"end":{"line":248,"column":null}}},"19":{"name":"deleteMinhaConta","decl":{"start":{"line":250,"column":22},"end":{"line":250,"column":38}},"loc":{"start":{"line":250,"column":52},"end":{"line":259,"column":null}}},"20":{"name":"(anonymous_36)","decl":{"start":{"line":256,"column":40},"end":{"line":256,"column":47}},"loc":{"start":{"line":256,"column":47},"end":{"line":256,"column":null}}}},"branchMap":{"0":{"loc":{"start":{"line":1,"column":16},"end":{"line":1,"column":null}},"type":"binary-expr","locations":[{"start":{"line":1,"column":16},"end":{"line":1,"column":47}},{"start":{"line":1,"column":51},"end":{"line":1,"column":null}}]},"1":{"loc":{"start":{"line":49,"column":2},"end":{"line":52,"column":null}},"type":"if","locations":[{"start":{"line":49,"column":2},"end":{"line":52,"column":null}},{"start":{},"end":{}}]},"2":{"loc":{"start":{"line":51,"column":20},"end":{"line":51,"column":null}},"type":"binary-expr","locations":[{"start":{"line":51,"column":20},"end":{"line":51,"column":32}},{"start":{"line":51,"column":36},"end":{"line":51,"column":null}}]},"3":{"loc":{"start":{"line":96,"column":2},"end":{"line":96,"column":null}},"type":"if","locations":[{"start":{"line":96,"column":2},"end":{"line":96,"column":null}},{"start":{},"end":{}}]},"4":{"loc":{"start":{"line":97,"column":2},"end":{"line":97,"column":null}},"type":"if","locations":[{"start":{"line":97,"column":2},"end":{"line":97,"column":null}},{"start":{},"end":{}}]},"5":{"loc":{"start":{"line":98,"column":14},"end":{"line":98,"column":79}},"type":"cond-expr","locations":[{"start":{"line":98,"column":30},"end":{"line":98,"column":56}},{"start":{"line":98,"column":59},"end":{"line":98,"column":79}}]},"6":{"loc":{"start":{"line":106,"column":2},"end":{"line":106,"column":null}},"type":"if","locations":[{"start":{"line":106,"column":2},"end":{"line":106,"column":null}},{"start":{},"end":{}}]},"7":{"loc":{"start":{"line":157,"column":2},"end":{"line":160,"column":null}},"type":"if","locations":[{"start":{"line":157,"column":2},"end":{"line":160,"column":null}},{"start":{},"end":{}}]},"8":{"loc":{"start":{"line":159,"column":20},"end":{"line":159,"column":null}},"type":"binary-expr","locations":[{"start":{"line":159,"column":20},"end":{"line":159,"column":32}},{"start":{"line":159,"column":36},"end":{"line":159,"column":null}}]},"9":{"loc":{"start":{"line":183,"column":2},"end":{"line":183,"column":null}},"type":"if","locations":[{"start":{"line":183,"column":2},"end":{"line":183,"column":null}},{"start":{},"end":{}}]},"10":{"loc":{"start":{"line":184,"column":2},"end":{"line":184,"column":null}},"type":"if","locations":[{"start":{"line":184,"column":2},"end":{"line":184,"column":null}},{"start":{},"end":{}}]},"11":{"loc":{"start":{"line":185,"column":2},"end":{"line":185,"column":null}},"type":"if","locations":[{"start":{"line":185,"column":2},"end":{"line":185,"column":null}},{"start":{},"end":{}}]},"12":{"loc":{"start":{"line":186,"column":14},"end":{"line":186,"column":89}},"type":"cond-expr","locations":[{"start":{"line":186,"column":30},"end":{"line":186,"column":61}},{"start":{"line":186,"column":64},"end":{"line":186,"column":89}}]},"13":{"loc":{"start":{"line":255,"column":2},"end":{"line":258,"column":null}},"type":"if","locations":[{"start":{"line":255,"column":2},"end":{"line":258,"column":null}},{"start":{},"end":{}}]},"14":{"loc":{"start":{"line":257,"column":20},"end":{"line":257,"column":null}},"type":"binary-expr","locations":[{"start":{"line":257,"column":20},"end":{"line":257,"column":58}},{"start":{"line":257,"column":62},"end":{"line":257,"column":null}}]}},"s":{"0":1,"1":1,"2":1,"3":2,"4":2,"5":1,"6":2,"7":1,"8":2,"9":1,"10":2,"11":1,"12":1,"13":1,"14":1,"15":1,"16":16,"17":1,"18":0,"19":1,"20":15,"21":8,"22":2,"23":2,"24":1,"25":1,"26":1,"27":1,"28":4,"29":4,"30":1,"31":4,"32":1,"33":4,"34":4,"35":4,"36":2,"37":2,"38":3,"39":2,"40":1,"41":1,"42":1,"43":1,"44":1,"45":1,"46":2,"47":2,"48":1,"49":0,"50":1,"51":1,"52":1,"53":1,"54":1,"55":1,"56":1,"57":1,"58":1,"59":1,"60":1,"61":1,"62":1,"63":1,"64":1,"65":1,"66":1,"67":1,"68":1,"69":1,"70":1,"71":2,"72":2,"73":1,"74":0,"75":1},"f":{"0":16,"1":0,"2":8,"3":2,"4":1,"5":1,"6":4,"7":2,"8":3,"9":1,"10":1,"11":2,"12":0,"13":1,"14":1,"15":1,"16":1,"17":1,"18":1,"19":2,"20":0},"b":{"0":[1,0],"1":[1,15],"2":[1,0],"3":[1,3],"4":[1,3],"5":[1,3],"6":[1,1],"7":[1,1],"8":[1,0],"9":[1,0],"10":[1,0],"11":[1,0],"12":[1,0],"13":[1,1],"14":[1,0]}}
,"C:\\Users\\VitorBansen-MailouCl\\Documents\\Desenvolvimentos\\Pessoal\\TCC\\frontend\\src\\lib\\auth.ts": {"path":"C:\\Users\\VitorBansen-MailouCl\\Documents\\Desenvolvimentos\\Pessoal\\TCC\\frontend\\src\\lib\\auth.ts","statementMap":{"0":{"start":{"line":14,"column":16},"end":{"line":14,"column":26}},"1":{"start":{"line":9,"column":16},"end":{"line":9,"column":24}},"2":{"start":{"line":3,"column":16},"end":{"line":3,"column":25}},"3":{"start":{"line":1,"column":18},"end":{"line":1,"column":null}},"4":{"start":{"line":4,"column":2},"end":{"line":4,"column":null}},"5":{"start":{"line":4,"column":37},"end":{"line":4,"column":null}},"6":{"start":{"line":5,"column":2},"end":{"line":5,"column":null}},"7":{"start":{"line":6,"column":2},"end":{"line":6,"column":null}},"8":{"start":{"line":10,"column":2},"end":{"line":10,"column":null}},"9":{"start":{"line":10,"column":37},"end":{"line":10,"column":null}},"10":{"start":{"line":11,"column":2},"end":{"line":11,"column":null}},"11":{"start":{"line":15,"column":2},"end":{"line":15,"column":null}},"12":{"start":{"line":15,"column":37},"end":{"line":15,"column":null}},"13":{"start":{"line":16,"column":2},"end":{"line":16,"column":null}},"14":{"start":{"line":17,"column":2},"end":{"line":17,"column":null}}},"fnMap":{"0":{"name":"saveToken","decl":{"start":{"line":3,"column":16},"end":{"line":3,"column":25}},"loc":{"start":{"line":3,"column":39},"end":{"line":7,"column":null}}},"1":{"name":"getToken","decl":{"start":{"line":9,"column":16},"end":{"line":9,"column":24}},"loc":{"start":{"line":9,"column":16},"end":{"line":12,"column":null}}},"2":{"name":"clearToken","decl":{"start":{"line":14,"column":16},"end":{"line":14,"column":26}},"loc":{"start":{"line":14,"column":16},"end":{"line":18,"column":null}}}},"branchMap":{"0":{"loc":{"start":{"line":4,"column":2},"end":{"line":4,"column":null}},"type":"if","locations":[{"start":{"line":4,"column":2},"end":{"line":4,"column":null}},{"start":{},"end":{}}]},"1":{"loc":{"start":{"line":10,"column":2},"end":{"line":10,"column":null}},"type":"if","locations":[{"start":{"line":10,"column":2},"end":{"line":10,"column":null}},{"start":{},"end":{}}]},"2":{"loc":{"start":{"line":15,"column":2},"end":{"line":15,"column":null}},"type":"if","locations":[{"start":{"line":15,"column":2},"end":{"line":15,"column":null}},{"start":{},"end":{}}]}},"s":{"0":1,"1":3,"2":2,"3":1,"4":2,"5":0,"6":2,"7":2,"8":3,"9":0,"10":3,"11":1,"12":0,"13":1,"14":1},"f":{"0":2,"1":3,"2":1},"b":{"0":[0,2],"1":[0,3],"2":[0,1]}}
,"C:\\Users\\VitorBansen-MailouCl\\Documents\\Desenvolvimentos\\Pessoal\\TCC\\frontend\\src\\lib\\format.ts": {"path":"C:\\Users\\VitorBansen-MailouCl\\Documents\\Desenvolvimentos\\Pessoal\\TCC\\frontend\\src\\lib\\format.ts","statementMap":{"0":{"start":{"line":1,"column":13},"end":{"line":1,"column":24}},"1":{"start":{"line":3,"column":13},"end":{"line":3,"column":30}},"2":{"start":{"line":32,"column":16},"end":{"line":32,"column":26}},"3":{"start":{"line":36,"column":16},"end":{"line":36,"column":30}},"4":{"start":{"line":40,"column":16},"end":{"line":40,"column":26}},"5":{"start":{"line":44,"column":16},"end":{"line":44,"column":31}},"6":{"start":{"line":48,"column":16},"end":{"line":48,"column":24}},"7":{"start":{"line":1,"column":27},"end":{"line":1,"column":null}},"8":{"start":{"line":3,"column":57},"end":{"line":11,"column":null}},"9":{"start":{"line":13,"column":16},"end":{"line":17,"column":null}},"10":{"start":{"line":19,"column":20},"end":{"line":25,"column":null}},"11":{"start":{"line":27,"column":16},"end":{"line":30,"column":null}},"12":{"start":{"line":33,"column":2},"end":{"line":33,"column":null}},"13":{"start":{"line":37,"column":2},"end":{"line":37,"column":null}},"14":{"start":{"line":41,"column":2},"end":{"line":41,"column":null}},"15":{"start":{"line":45,"column":2},"end":{"line":45,"column":null}},"16":{"start":{"line":49,"column":2},"end":{"line":49,"column":null}}},"fnMap":{"0":{"name":"formatData","decl":{"start":{"line":32,"column":16},"end":{"line":32,"column":26}},"loc":{"start":{"line":32,"column":38},"end":{"line":34,"column":null}}},"1":{"name":"formatDataHora","decl":{"start":{"line":36,"column":16},"end":{"line":36,"column":30}},"loc":{"start":{"line":36,"column":42},"end":{"line":38,"column":null}}},"2":{"name":"formatHora","decl":{"start":{"line":40,"column":16},"end":{"line":40,"column":26}},"loc":{"start":{"line":40,"column":38},"end":{"line":42,"column":null}}},"3":{"name":"formatIntervalo","decl":{"start":{"line":44,"column":16},"end":{"line":44,"column":31}},"loc":{"start":{"line":44,"column":59},"end":{"line":46,"column":null}}},"4":{"name":"toIsoYmd","decl":{"start":{"line":48,"column":16},"end":{"line":48,"column":24}},"loc":{"start":{"line":48,"column":32},"end":{"line":50,"column":null}}}},"branchMap":{},"s":{"0":1,"1":7,"2":1,"3":1,"4":1,"5":1,"6":2,"7":1,"8":1,"9":1,"10":1,"11":1,"12":2,"13":1,"14":3,"15":1,"16":2},"f":{"0":2,"1":1,"2":3,"3":1,"4":2},"b":{}}
,"C:\\Users\\VitorBansen-MailouCl\\Documents\\Desenvolvimentos\\Pessoal\\TCC\\frontend\\src\\lib\\slots.ts": {"path":"C:\\Users\\VitorBansen-MailouCl\\Documents\\Desenvolvimentos\\Pessoal\\TCC\\frontend\\src\\lib\\slots.ts","statementMap":{"0":{"start":{"line":48,"column":16},"end":{"line":48,"column":33}},"1":{"start":{"line":16,"column":16},"end":{"line":16,"column":31}},"2":{"start":{"line":8,"column":32},"end":{"line":8,"column":null}},"3":{"start":{"line":9,"column":25},"end":{"line":9,"column":null}},"4":{"start":{"line":12,"column":17},"end":{"line":12,"column":null}},"5":{"start":{"line":13,"column":2},"end":{"line":13,"column":null}},"6":{"start":{"line":21,"column":24},"end":{"line":21,"column":26}},"7":{"start":{"line":22,"column":16},"end":{"line":22,"column":null}},"8":{"start":{"line":24,"column":2},"end":{"line":44,"column":null}},"9":{"start":{"line":25,"column":23},"end":{"line":25,"column":null}},"10":{"start":{"line":26,"column":4},"end":{"line":26,"column":null}},"11":{"start":{"line":26,"column":22},"end":{"line":26,"column":null}},"12":{"start":{"line":27,"column":29},"end":{"line":27,"column":null}},"13":{"start":{"line":28,"column":29},"end":{"line":28,"column":null}},"14":{"start":{"line":30,"column":28},"end":{"line":30,"column":null}},"15":{"start":{"line":31,"column":4},"end":{"line":31,"column":null}},"16":{"start":{"line":32,"column":25},"end":{"line":32,"column":null}},"17":{"start":{"line":33,"column":4},"end":{"line":33,"column":null}},"18":{"start":{"line":35,"column":17},"end":{"line":35,"column":null}},"19":{"start":{"line":36,"column":4},"end":{"line":43,"column":null}},"20":{"start":{"line":37,"column":22},"end":{"line":37,"column":null}},"21":{"start":{"line":38,"column":6},"end":{"line":38,"column":null}},"22":{"start":{"line":38,"column":34},"end":{"line":38,"column":null}},"23":{"start":{"line":39,"column":6},"end":{"line":41,"column":null}},"24":{"start":{"line":40,"column":8},"end":{"line":40,"column":null}},"25":{"start":{"line":42,"column":6},"end":{"line":42,"column":null}},"26":{"start":{"line":45,"column":2},"end":{"line":45,"column":null}},"27":{"start":{"line":52,"column":47},"end":{"line":52,"column":49}},"28":{"start":{"line":53,"column":15},"end":{"line":53,"column":null}},"29":{"start":{"line":54,"column":2},"end":{"line":54,"column":null}},"30":{"start":{"line":56,"column":2},"end":{"line":64,"column":null}},"31":{"start":{"line":56,"column":15},"end":{"line":56,"column":18}},"32":{"start":{"line":57,"column":14},"end":{"line":57,"column":null}},"33":{"start":{"line":58,"column":4},"end":{"line":58,"column":null}},"34":{"start":{"line":59,"column":18},"end":{"line":59,"column":40}},"35":{"start":{"line":60,"column":23},"end":{"line":60,"column":38}},"36":{"start":{"line":61,"column":4},"end":{"line":61,"column":null}},"37":{"start":{"line":61,"column":48},"end":{"line":61,"column":null}},"38":{"start":{"line":62,"column":18},"end":{"line":62,"column":null}},"39":{"start":{"line":63,"column":4},"end":{"line":63,"column":null}},"40":{"start":{"line":63,"column":26},"end":{"line":63,"column":null}},"41":{"start":{"line":65,"column":2},"end":{"line":65,"column":null}}},"fnMap":{"0":{"name":"parseHoraMin","decl":{"start":{"line":11,"column":9},"end":{"line":11,"column":22}},"loc":{"start":{"line":11,"column":32},"end":{"line":14,"column":null}}},"1":{"name":"gerarSlotsDoDia","decl":{"start":{"line":16,"column":16},"end":{"line":16,"column":31}},"loc":{"start":{"line":19,"column":35},"end":{"line":46,"column":null}}},"2":{"name":"gerarProximosDias","decl":{"start":{"line":48,"column":16},"end":{"line":48,"column":33}},"loc":{"start":{"line":50,"column":21},"end":{"line":66,"column":null}}}},"branchMap":{"0":{"loc":{"start":{"line":19,"column":2},"end":{"line":19,"column":35}},"type":"default-arg","locations":[{"start":{"line":19,"column":19},"end":{"line":19,"column":35}}]},"1":{"loc":{"start":{"line":26,"column":4},"end":{"line":26,"column":null}},"type":"if","locations":[{"start":{"line":26,"column":4},"end":{"line":26,"column":null}},{"start":{},"end":{}}]},"2":{"loc":{"start":{"line":26,"column":8},"end":{"line":26,"column":22}},"type":"binary-expr","locations":[{"start":{"line":26,"column":8},"end":{"line":26,"column":16}},{"start":{"line":26,"column":16},"end":{"line":26,"column":22}}]},"3":{"loc":{"start":{"line":38,"column":6},"end":{"line":38,"column":null}},"type":"if","locations":[{"start":{"line":38,"column":6},"end":{"line":38,"column":null}},{"start":{},"end":{}}]},"4":{"loc":{"start":{"line":39,"column":6},"end":{"line":41,"column":null}},"type":"if","locations":[{"start":{"line":39,"column":6},"end":{"line":41,"column":null}},{"start":{},"end":{}}]},"5":{"loc":{"start":{"line":50,"column":2},"end":{"line":50,"column":21}},"type":"default-arg","locations":[{"start":{"line":50,"column":19},"end":{"line":50,"column":21}}]},"6":{"loc":{"start":{"line":61,"column":4},"end":{"line":61,"column":null}},"type":"if","locations":[{"start":{"line":61,"column":4},"end":{"line":61,"column":null}},{"start":{},"end":{}}]},"7":{"loc":{"start":{"line":61,"column":8},"end":{"line":61,"column":48}},"type":"binary-expr","locations":[{"start":{"line":61,"column":8},"end":{"line":61,"column":23}},{"start":{"line":61,"column":23},"end":{"line":61,"column":48}}]},"8":{"loc":{"start":{"line":63,"column":4},"end":{"line":63,"column":null}},"type":"if","locations":[{"start":{"line":63,"column":4},"end":{"line":63,"column":null}},{"start":{},"end":{}}]}},"s":{"0":3,"1":6,"2":1,"3":1,"4":16,"5":16,"6":8,"7":8,"8":8,"9":9,"10":9,"11":1,"12":8,"13":8,"14":8,"15":8,"16":8,"17":8,"18":8,"19":8,"20":15,"21":15,"22":1,"23":14,"24":12,"25":14,"26":8,"27":3,"28":3,"29":3,"30":3,"31":3,"32":33,"33":33,"34":33,"35":33,"36":33,"37":31,"38":2,"39":2,"40":2,"41":3},"f":{"0":16,"1":8,"2":3},"b":{"0":[7],"1":[1,8],"2":[9,9],"3":[1,14],"4":[12,2],"5":[0],"6":[31,2],"7":[33,2],"8":[2,0]}}
}
