TN:
SF:src\middleware.ts
FN:6,middleware
FN:10,(anonymous_4)
FN:17,(anonymous_5)
FNF:3
FNH:3
FNDA:5,middleware
FNDA:5,(anonymous_4)
FNDA:6,(anonymous_5)
DA:1,1
DA:3,1
DA:4,1
DA:6,5
DA:7,5
DA:8,5
DA:10,5
DA:11,5
DA:12,1
DA:13,1
DA:14,1
DA:17,6
DA:18,4
DA:19,2
DA:20,2
DA:21,2
DA:24,2
DA:27,1
LF:18
LH:18
BRDA:11,0,0,1
BRDA:11,0,1,4
BRDA:11,1,0,5
BRDA:11,1,1,2
BRDA:18,2,0,2
BRDA:18,2,1,2
BRDA:18,3,0,4
BRDA:18,3,1,3
BRF:8
BRH:8
end_of_record
TN:
SF:src\app\page.tsx
FN:3,HomePage
FNF:1
FNH:1
FNDA:1,HomePage
DA:1,1
DA:3,1
LF:2
LH:2
BRF:0
BRH:0
end_of_record
TN:
SF:src\app\admin\medicos\page.tsx
FN:20,AdminMedicosPage
FN:27,(anonymous_3)
FN:46,(anonymous_4)
FN:50,excluir
FN:60,(anonymous_6)
FN:60,(anonymous_7)
FN:73,(anonymous_8)
FN:98,(anonymous_9)
FN:98,(anonymous_10)
FN:115,(anonymous_11)
FN:135,(anonymous_12)
FN:151,FormCadastro
FN:162,parseHorarios
FN:170,(anonymous_15)
FN:183,onSubmit
FN:238,(anonymous_17)
FN:248,(anonymous_18)
FN:261,(anonymous_19)
FN:271,(anonymous_20)
FN:283,(anonymous_21)
FN:297,(anonymous_22)
FN:306,(anonymous_23)
FN:307,(anonymous_24)
FNF:23
FNH:0
FNDA:0,AdminMedicosPage
FNDA:0,(anonymous_3)
FNDA:0,(anonymous_4)
FNDA:0,excluir
FNDA:0,(anonymous_6)
FNDA:0,(anonymous_7)
FNDA:0,(anonymous_8)
FNDA:0,(anonymous_9)
FNDA:0,(anonymous_10)
FNDA:0,(anonymous_11)
FNDA:0,(anonymous_12)
FNDA:0,FormCadastro
FNDA:0,parseHorarios
FNDA:0,(anonymous_15)
FNDA:0,onSubmit
FNDA:0,(anonymous_17)
FNDA:0,(anonymous_18)
FNDA:0,(anonymous_19)
FNDA:0,(anonymous_20)
FNDA:0,(anonymous_21)
FNDA:0,(anonymous_22)
FNDA:0,(anonymous_23)
FNDA:0,(anonymous_24)
DA:3,0
DA:4,0
DA:5,0
DA:14,0
DA:15,0
DA:16,0
DA:20,0
DA:21,0
DA:22,0
DA:23,0
DA:24,0
DA:25,0
DA:27,0
DA:28,0
DA:29,0
DA:30,0
DA:31,0
DA:33,0
DA:34,0
DA:35,0
DA:36,0
DA:37,0
DA:39,0
DA:40,0
DA:42,0
DA:46,0
DA:47,0
DA:51,0
DA:52,0
DA:54,0
DA:55,0
DA:56,0
DA:57,0
DA:58,0
DA:59,0
DA:60,0
DA:62,0
DA:64,0
DA:68,0
DA:74,0
DA:98,0
DA:116,0
DA:135,0
DA:152,0
DA:153,0
DA:154,0
DA:155,0
DA:156,0
DA:157,0
DA:158,0
DA:159,0
DA:160,0
DA:163,0
DA:164,0
DA:165,0
DA:166,0
DA:167,0
DA:168,0
DA:170,0
DA:172,0
DA:173,0
DA:174,0
DA:177,0
DA:178,0
DA:180,0
DA:184,0
DA:185,0
DA:186,0
DA:187,0
DA:188,0
DA:191,0
DA:192,0
DA:194,0
DA:195,0
DA:198,0
DA:199,0
DA:200,0
DA:208,0
DA:209,0
DA:210,0
DA:211,0
DA:212,0
DA:213,0
DA:214,0
DA:215,0
DA:217,0
DA:219,0
DA:238,0
DA:248,0
DA:261,0
DA:271,0
DA:283,0
DA:298,0
DA:307,0
LF:94
LH:0
BRDA:29,0,0,0
BRDA:29,0,1,0
BRDA:35,1,0,0
BRDA:35,1,1,0
BRDA:42,2,0,0
BRDA:42,2,1,0
BRDA:51,3,0,0
BRDA:51,3,1,0
BRDA:55,4,0,0
BRDA:55,4,1,0
BRDA:60,5,0,0
BRDA:60,5,1,0
BRDA:62,6,0,0
BRDA:62,6,1,0
BRDA:68,7,0,0
BRDA:68,7,1,0
BRDA:68,8,0,0
BRDA:68,8,1,0
BRDA:77,9,0,0
BRDA:98,10,0,0
BRDA:98,10,1,0
BRDA:101,11,0,0
BRDA:110,12,0,0
BRDA:139,13,0,0
BRDA:139,13,1,0
BRDA:167,14,0,0
BRDA:167,14,1,0
BRDA:173,15,0,0
BRDA:173,15,1,0
BRDA:180,16,0,0
BRDA:180,16,1,0
BRDA:188,17,0,0
BRDA:188,17,1,0
BRDA:194,18,0,0
BRDA:194,18,1,0
BRDA:217,19,0,0
BRDA:217,19,1,0
BRDA:305,20,0,0
BRDA:305,20,1,0
BRDA:316,21,0,0
BRDA:321,22,0,0
BRDA:333,23,0,0
BRDA:333,23,1,0
BRF:43
BRH:0
end_of_record
TN:
SF:src\app\admin\medicos\[id]\editar\page.tsx
FN:18,horariosToForm
FN:28,EditarMedicoPage
FN:43,(anonymous_4)
FN:66,(anonymous_5)
FN:70,parseHorarios
FN:78,(anonymous_7)
FN:93,onSubmit
FN:164,(anonymous_9)
FN:174,(anonymous_10)
FN:184,(anonymous_11)
FN:196,(anonymous_12)
FN:210,(anonymous_13)
FN:219,(anonymous_14)
FN:220,(anonymous_15)
FNF:14
FNH:0
FNDA:0,horariosToForm
FNDA:0,EditarMedicoPage
FNDA:0,(anonymous_4)
FNDA:0,(anonymous_5)
FNDA:0,parseHorarios
FNDA:0,(anonymous_7)
FNDA:0,onSubmit
FNDA:0,(anonymous_9)
FNDA:0,(anonymous_10)
FNDA:0,(anonymous_11)
FNDA:0,(anonymous_12)
FNDA:0,(anonymous_13)
FNDA:0,(anonymous_14)
FNDA:0,(anonymous_15)
DA:3,0
DA:4,0
DA:5,0
DA:12,0
DA:13,0
DA:14,0
DA:19,0
DA:20,0
DA:21,0
DA:22,0
DA:23,0
DA:25,0
DA:28,0
DA:29,0
DA:30,0
DA:31,0
DA:33,0
DA:34,0
DA:35,0
DA:36,0
DA:37,0
DA:38,0
DA:39,0
DA:40,0
DA:41,0
DA:43,0
DA:44,0
DA:45,0
DA:46,0
DA:47,0
DA:49,0
DA:50,0
DA:51,0
DA:52,0
DA:53,0
DA:55,0
DA:56,0
DA:57,0
DA:58,0
DA:59,0
DA:60,0
DA:62,0
DA:66,0
DA:67,0
DA:71,0
DA:72,0
DA:73,0
DA:74,0
DA:75,0
DA:76,0
DA:78,0
DA:80,0
DA:81,0
DA:82,0
DA:87,0
DA:88,0
DA:90,0
DA:94,0
DA:95,0
DA:96,0
DA:97,0
DA:98,0
DA:101,0
DA:102,0
DA:104,0
DA:105,0
DA:108,0
DA:109,0
DA:110,0
DA:117,0
DA:118,0
DA:120,0
DA:122,0
DA:126,0
DA:164,0
DA:174,0
DA:184,0
DA:196,0
DA:211,0
DA:220,0
LF:80
LH:0
BRDA:19,0,0,0
BRDA:19,0,1,0
BRDA:23,1,0,0
BRDA:23,1,1,0
BRDA:23,2,0,0
BRDA:23,2,1,0
BRDA:45,3,0,0
BRDA:45,3,1,0
BRDA:51,4,0,0
BRDA:51,4,1,0
BRDA:62,5,0,0
BRDA:62,5,1,0
BRDA:75,6,0,0
BRDA:75,6,1,0
BRDA:81,7,0,0
BRDA:81,7,1,0
BRDA:90,8,0,0
BRDA:90,8,1,0
BRDA:98,9,0,0
BRDA:98,9,1,0
BRDA:98,10,0,0
BRDA:98,10,1,0
BRDA:104,11,0,0
BRDA:104,11,1,0
BRDA:120,12,0,0
BRDA:120,12,1,0
BRDA:126,13,0,0
BRDA:126,13,1,0
BRDA:131,14,0,0
BRDA:218,15,0,0
BRDA:218,15,1,0
BRDA:229,16,0,0
BRDA:234,17,0,0
BRDA:246,18,0,0
BRDA:246,18,1,0
BRF:35
BRH:0
end_of_record
TN:
SF:src\app\dashboard\page.tsx
FN:41,pad2
FN:45,formatHora
FN:49,hojeISO
FN:54,DashboardPage
FN:63,(anonymous_6)
FN:80,(anonymous_7)
FN:84,cancelar
FN:90,(anonymous_9)
FN:91,(anonymous_10)
FN:100,reagendar
FN:105,(anonymous_12)
FN:106,(anonymous_13)
FN:114,sair
FN:132,(anonymous_15)
FN:135,(anonymous_16)
FN:149,(anonymous_17)
FN:149,(anonymous_18)
FN:186,(anonymous_19)
FN:192,(anonymous_20)
FN:193,(anonymous_21)
FN:213,(anonymous_22)
FN:219,(anonymous_23)
FN:220,(anonymous_24)
FN:232,(anonymous_25)
FN:238,(anonymous_26)
FN:238,(anonymous_27)
FN:251,(anonymous_28)
FN:252,(anonymous_29)
FN:253,(anonymous_30)
FN:260,FormAgendamentoMedico
FN:274,onSubmit
FN:325,(anonymous_33)
FN:338,(anonymous_34)
FN:348,(anonymous_35)
FN:363,(anonymous_36)
FN:375,(anonymous_37)
FN:405,AgendamentoItem
FN:472,EmptyState
FN:497,TimelineMedico
FN:500,(anonymous_41)
FN:505,(anonymous_42)
FN:512,(anonymous_43)
FN:513,(anonymous_44)
FN:521,(anonymous_45)
FN:526,getBlockStyle
FN:541,(anonymous_47)
FN:548,(anonymous_48)
FN:559,(anonymous_49)
FN:601,ModalReagendar
FN:619,onSubmit
FN:640,(anonymous_52)
FN:656,(anonymous_53)
FN:668,(anonymous_54)
FN:699,SkeletonDashboard
FN:706,(anonymous_56)
FNF:55
FNH:0
FNDA:0,pad2
FNDA:0,formatHora
FNDA:0,hojeISO
FNDA:0,DashboardPage
FNDA:0,(anonymous_6)
FNDA:0,(anonymous_7)
FNDA:0,cancelar
FNDA:0,(anonymous_9)
FNDA:0,(anonymous_10)
FNDA:0,reagendar
FNDA:0,(anonymous_12)
FNDA:0,(anonymous_13)
FNDA:0,sair
FNDA:0,(anonymous_15)
FNDA:0,(anonymous_16)
FNDA:0,(anonymous_17)
FNDA:0,(anonymous_18)
FNDA:0,(anonymous_19)
FNDA:0,(anonymous_20)
FNDA:0,(anonymous_21)
FNDA:0,(anonymous_22)
FNDA:0,(anonymous_23)
FNDA:0,(anonymous_24)
FNDA:0,(anonymous_25)
FNDA:0,(anonymous_26)
FNDA:0,(anonymous_27)
FNDA:0,(anonymous_28)
FNDA:0,(anonymous_29)
FNDA:0,(anonymous_30)
FNDA:0,FormAgendamentoMedico
FNDA:0,onSubmit
FNDA:0,(anonymous_33)
FNDA:0,(anonymous_34)
FNDA:0,(anonymous_35)
FNDA:0,(anonymous_36)
FNDA:0,(anonymous_37)
FNDA:0,AgendamentoItem
FNDA:0,EmptyState
FNDA:0,TimelineMedico
FNDA:0,(anonymous_41)
FNDA:0,(anonymous_42)
FNDA:0,(anonymous_43)
FNDA:0,(anonymous_44)
FNDA:0,(anonymous_45)
FNDA:0,getBlockStyle
FNDA:0,(anonymous_47)
FNDA:0,(anonymous_48)
FNDA:0,(anonymous_49)
FNDA:0,ModalReagendar
FNDA:0,onSubmit
FNDA:0,(anonymous_52)
FNDA:0,(anonymous_53)
FNDA:0,(anonymous_54)
FNDA:0,SkeletonDashboard
FNDA:0,(anonymous_56)
DA:3,0
DA:4,0
DA:5,0
DA:14,0
DA:15,0
DA:16,0
DA:17,0
DA:18,0
DA:20,0
DA:27,0
DA:34,0
DA:35,0
DA:36,0
DA:37,0
DA:38,0
DA:39,0
DA:42,0
DA:46,0
DA:50,0
DA:51,0
DA:54,0
DA:55,0
DA:56,0
DA:57,0
DA:58,0
DA:59,0
DA:60,0
DA:61,0
DA:63,0
DA:64,0
DA:65,0
DA:66,0
DA:67,0
DA:69,0
DA:70,0
DA:71,0
DA:72,0
DA:74,0
DA:75,0
DA:76,0
DA:80,0
DA:81,0
DA:85,0
DA:86,0
DA:87,0
DA:88,0
DA:89,0
DA:90,0
DA:91,0
DA:94,0
DA:96,0
DA:101,0
DA:102,0
DA:103,0
DA:104,0
DA:105,0
DA:106,0
DA:108,0
DA:110,0
DA:115,0
DA:116,0
DA:127,0
DA:129,0
DA:130,0
DA:131,0
DA:132,0
DA:134,0
DA:135,0
DA:149,0
DA:187,0
DA:192,0
DA:193,0
DA:214,0
DA:219,0
DA:220,0
DA:233,0
DA:238,0
DA:251,0
DA:252,0
DA:253,0
DA:265,0
DA:266,0
DA:267,0
DA:268,0
DA:269,0
DA:270,0
DA:271,0
DA:272,0
DA:275,0
DA:276,0
DA:277,0
DA:278,0
DA:279,0
DA:281,0
DA:282,0
DA:283,0
DA:284,0
DA:286,0
DA:288,0
DA:289,0
DA:290,0
DA:296,0
DA:297,0
DA:298,0
DA:299,0
DA:300,0
DA:301,0
DA:303,0
DA:305,0
DA:325,0
DA:338,0
DA:348,0
DA:363,0
DA:375,0
DA:419,0
DA:420,0
DA:422,0
DA:426,0
DA:429,0
DA:498,0
DA:500,0
DA:501,0
DA:502,0
DA:505,0
DA:506,0
DA:507,0
DA:508,0
DA:511,0
DA:513,0
DA:514,0
DA:515,0
DA:516,0
DA:521,0
DA:522,0
DA:523,0
DA:527,0
DA:528,0
DA:529,0
DA:530,0
DA:531,0
DA:541,0
DA:549,0
DA:560,0
DA:561,0
DA:562,0
DA:563,0
DA:570,0
DA:611,0
DA:614,0
DA:615,0
DA:616,0
DA:617,0
DA:620,0
DA:621,0
DA:622,0
DA:623,0
DA:624,0
DA:625,0
DA:627,0
DA:628,0
DA:629,0
DA:630,0
DA:632,0
DA:633,0
DA:640,0
DA:656,0
DA:668,0
DA:707,0
LF:168
LH:0
BRDA:65,0,0,0
BRDA:65,0,1,0
BRDA:74,1,0,0
BRDA:74,1,1,0
BRDA:86,2,0,0
BRDA:86,2,1,0
BRDA:91,3,0,0
BRDA:91,3,1,0
BRDA:91,4,0,0
BRDA:91,4,1,0
BRDA:94,5,0,0
BRDA:94,5,1,0
BRDA:102,6,0,0
BRDA:102,6,1,0
BRDA:106,7,0,0
BRDA:106,7,1,0
BRDA:106,8,0,0
BRDA:106,8,1,0
BRDA:127,9,0,0
BRDA:127,9,1,0
BRDA:127,10,0,0
BRDA:127,10,1,0
BRDA:132,11,0,0
BRDA:132,11,1,0
BRDA:135,12,0,0
BRDA:135,12,1,0
BRDA:148,13,0,0
BRDA:149,14,0,0
BRDA:149,14,1,0
BRDA:153,15,0,0
BRDA:161,16,0,0
BRDA:173,17,0,0
BRDA:178,18,0,0
BRDA:206,19,0,0
BRDA:228,20,0,0
BRDA:236,21,0,0
BRDA:249,22,0,0
BRDA:279,23,0,0
BRDA:279,23,1,0
BRDA:282,24,0,0
BRDA:282,24,1,0
BRDA:303,25,0,0
BRDA:303,25,1,0
BRDA:380,26,0,0
BRDA:385,27,0,0
BRDA:397,28,0,0
BRDA:397,28,1,0
BRDA:419,29,0,0
BRDA:419,29,1,0
BRDA:420,30,0,0
BRDA:420,30,1,0
BRDA:422,31,0,0
BRDA:422,31,1,0
BRDA:422,31,2,0
BRDA:426,32,0,0
BRDA:426,32,1,0
BRDA:429,33,0,0
BRDA:429,33,1,0
BRDA:449,34,0,0
BRDA:457,35,0,0
BRDA:463,36,0,0
BRDA:463,36,1,0
BRDA:485,37,0,0
BRDA:514,38,0,0
BRDA:514,38,1,0
BRDA:514,39,0,0
BRDA:514,39,1,0
BRDA:516,40,0,0
BRDA:516,40,1,0
BRDA:567,41,0,0
BRDA:567,41,1,0
BRDA:585,42,0,0
BRDA:585,42,1,0
BRDA:591,43,0,0
BRDA:623,44,0,0
BRDA:623,44,1,0
BRDA:632,45,0,0
BRDA:632,45,1,0
BRDA:640,46,0,0
BRDA:640,46,1,0
BRDA:673,47,0,0
BRDA:690,48,0,0
BRDA:690,48,1,0
BRF:83
BRH:0
end_of_record
TN:
SF:src\app\login\page.tsx
FN:9,LoginPage
FN:16,onSubmit
FN:47,(anonymous_4)
FN:60,(anonymous_5)
FNF:4
FNH:4
FNDA:61,LoginPage
FNDA:2,onSubmit
FNDA:38,(anonymous_4)
FNDA:16,(anonymous_5)
DA:3,1
DA:4,1
DA:5,1
DA:6,1
DA:7,1
DA:9,3
DA:10,61
DA:11,61
DA:12,61
DA:13,61
DA:14,61
DA:17,2
DA:18,2
DA:19,2
DA:20,2
DA:21,2
DA:22,1
DA:23,1
DA:25,1
DA:27,2
DA:47,38
DA:60,16
LF:22
LH:22
BRDA:25,0,0,1
BRDA:25,0,1,0
BRDA:65,1,0,61
BRDA:74,2,0,2
BRDA:74,2,1,59
BRF:5
BRH:4
end_of_record
TN:
SF:src\app\medicos\page.tsx
FN:12,BuscaMedicosPage
FN:21,(anonymous_3)
FN:47,(anonymous_4)
FN:51,aoSubmeter
FN:59,limpar
FN:81,(anonymous_7)
FN:88,(anonymous_8)
FN:121,(anonymous_9)
FN:130,MedicoCard
FN:133,(anonymous_11)
FN:155,SkeletonGrid
FN:158,(anonymous_13)
FNF:12
FNH:0
FNDA:0,BuscaMedicosPage
FNDA:0,(anonymous_3)
FNDA:0,(anonymous_4)
FNDA:0,aoSubmeter
FNDA:0,limpar
FNDA:0,(anonymous_7)
FNDA:0,(anonymous_8)
FNDA:0,(anonymous_9)
FNDA:0,MedicoCard
FNDA:0,(anonymous_11)
FNDA:0,SkeletonGrid
FNDA:0,(anonymous_13)
DA:3,0
DA:4,0
DA:5,0
DA:6,0
DA:7,0
DA:8,0
DA:9,0
DA:10,0
DA:12,0
DA:13,0
DA:14,0
DA:15,0
DA:16,0
DA:17,0
DA:18,0
DA:20,0
DA:22,0
DA:23,0
DA:24,0
DA:25,0
DA:27,0
DA:28,0
DA:29,0
DA:30,0
DA:31,0
DA:33,0
DA:34,0
DA:35,0
DA:36,0
DA:38,0
DA:39,0
DA:41,0
DA:47,0
DA:48,0
DA:52,0
DA:53,0
DA:60,0
DA:61,0
DA:62,0
DA:81,0
DA:88,0
DA:121,0
DA:131,0
DA:133,0
DA:159,0
LF:45
LH:0
BRDA:23,0,0,0
BRDA:23,0,1,0
BRDA:33,1,0,0
BRDA:33,1,1,0
BRDA:33,2,0,0
BRDA:33,2,1,0
BRDA:38,3,0,0
BRDA:38,3,1,0
BRDA:54,4,0,0
BRDA:54,4,1,0
BRDA:55,5,0,0
BRDA:55,5,1,0
BRDA:97,6,0,0
BRDA:97,6,1,0
BRDA:108,7,0,0
BRDA:113,8,0,0
BRDA:115,9,0,0
BRDA:114,10,0,0
BRDA:114,10,1,0
BRDA:131,11,0,0
BRDA:131,11,1,0
BRDA:142,12,0,0
BRF:22
BRH:0
end_of_record
TN:
SF:src\app\medicos\[id]\agendar\page.tsx
FN:19,AgendarPage
FN:31,(anonymous_3)
FN:55,(anonymous_4)
FN:59,(anonymous_5)
FN:62,(anonymous_6)
FN:67,(anonymous_7)
FN:69,(anonymous_8)
FN:72,(anonymous_9)
FN:75,(anonymous_10)
FN:78,confirmar
FN:170,(anonymous_12)
FN:183,(anonymous_13)
FN:189,(anonymous_14)
FNF:13
FNH:0
FNDA:0,AgendarPage
FNDA:0,(anonymous_3)
FNDA:0,(anonymous_4)
FNDA:0,(anonymous_5)
FNDA:0,(anonymous_6)
FNDA:0,(anonymous_7)
FNDA:0,(anonymous_8)
FNDA:0,(anonymous_9)
FNDA:0,(anonymous_10)
FNDA:0,confirmar
FNDA:0,(anonymous_12)
FNDA:0,(anonymous_13)
FNDA:0,(anonymous_14)
DA:3,0
DA:4,0
DA:5,0
DA:12,0
DA:13,0
DA:14,0
DA:15,0
DA:16,0
DA:17,0
DA:19,0
DA:20,0
DA:21,0
DA:22,0
DA:24,0
DA:25,0
DA:26,0
DA:27,0
DA:28,0
DA:29,0
DA:31,0
DA:32,0
DA:33,0
DA:34,0
DA:35,0
DA:37,0
DA:38,0
DA:42,0
DA:43,0
DA:45,0
DA:46,0
DA:47,0
DA:48,0
DA:49,0
DA:51,0
DA:55,0
DA:56,0
DA:59,0
DA:60,0
DA:61,0
DA:62,0
DA:66,0
DA:67,0
DA:70,0
DA:71,0
DA:72,0
DA:75,0
DA:79,0
DA:80,0
DA:81,0
DA:82,0
DA:83,0
DA:84,0
DA:85,0
DA:90,0
DA:92,0
DA:93,0
DA:94,0
DA:96,0
DA:100,0
DA:112,0
DA:171,0
DA:185,0
DA:186,0
DA:189,0
LF:64
LH:0
BRDA:33,0,0,0
BRDA:33,0,1,0
BRDA:45,1,0,0
BRDA:45,1,1,0
BRDA:46,2,0,0
BRDA:46,2,1,0
BRDA:60,3,0,0
BRDA:60,3,1,0
BRDA:72,4,0,0
BRDA:72,4,1,0
BRDA:79,5,0,0
BRDA:79,5,1,0
BRDA:81,6,0,0
BRDA:81,6,1,0
BRDA:92,7,0,0
BRDA:92,7,1,0
BRDA:100,8,0,0
BRDA:100,8,1,0
BRDA:100,9,0,0
BRDA:100,9,1,0
BRDA:112,10,0,0
BRDA:112,10,1,0
BRDA:121,11,0,0
BRDA:147,12,0,0
BRDA:155,13,0,0
BRDA:158,14,0,0
BRDA:165,15,0,0
BRDA:191,16,0,0
BRDA:191,16,1,0
BRDA:206,17,0,0
BRDA:221,18,0,0
BRDA:221,18,1,0
BRF:32
BRH:0
end_of_record
TN:
SF:src\app\perfil\page.tsx
FN:11,PerfilPage
FN:21,(anonymous_3)
FN:40,(anonymous_4)
FN:44,onSubmit
FN:80,excluirConta
FN:131,(anonymous_7)
FN:141,(anonymous_8)
FN:152,(anonymous_9)
FNF:8
FNH:0
FNDA:0,PerfilPage
FNDA:0,(anonymous_3)
FNDA:0,(anonymous_4)
FNDA:0,onSubmit
FNDA:0,excluirConta
FNDA:0,(anonymous_7)
FNDA:0,(anonymous_8)
FNDA:0,(anonymous_9)
DA:4,0
DA:5,0
DA:6,0
DA:7,0
DA:8,0
DA:9,0
DA:11,0
DA:12,0
DA:13,0
DA:14,0
DA:15,0
DA:16,0
DA:17,0
DA:18,0
DA:19,0
DA:21,0
DA:22,0
DA:23,0
DA:24,0
DA:25,0
DA:27,0
DA:28,0
DA:29,0
DA:30,0
DA:31,0
DA:32,0
DA:34,0
DA:35,0
DA:36,0
DA:40,0
DA:41,0
DA:45,0
DA:46,0
DA:47,0
DA:48,0
DA:49,0
DA:50,0
DA:51,0
DA:53,0
DA:54,0
DA:55,0
DA:56,0
DA:57,0
DA:60,0
DA:61,0
DA:62,0
DA:63,0
DA:66,0
DA:67,0
DA:68,0
DA:69,0
DA:70,0
DA:71,0
DA:72,0
DA:74,0
DA:76,0
DA:81,0
DA:82,0
DA:83,0
DA:86,0
DA:87,0
DA:88,0
DA:89,0
DA:90,0
DA:92,0
DA:96,0
DA:109,0
DA:131,0
DA:141,0
DA:152,0
LF:70
LH:0
BRDA:23,0,0,0
BRDA:23,0,1,0
BRDA:32,1,0,0
BRDA:32,1,1,0
BRDA:34,2,0,0
BRDA:34,2,1,0
BRDA:46,3,0,0
BRDA:46,3,1,0
BRDA:48,4,0,0
BRDA:48,4,1,0
BRDA:54,5,0,0
BRDA:54,5,1,0
BRDA:54,6,0,0
BRDA:54,6,1,0
BRDA:55,7,0,0
BRDA:55,7,1,0
BRDA:55,8,0,0
BRDA:55,8,1,0
BRDA:56,9,0,0
BRDA:56,9,1,0
BRDA:56,10,0,0
BRDA:56,10,1,0
BRDA:56,10,2,0
BRDA:56,11,0,0
BRDA:56,11,1,0
BRDA:60,12,0,0
BRDA:60,12,1,0
BRDA:71,13,0,0
BRDA:71,13,1,0
BRDA:74,14,0,0
BRDA:74,14,1,0
BRDA:82,15,0,0
BRDA:82,15,1,0
BRDA:86,16,0,0
BRDA:86,16,1,0
BRDA:92,17,0,0
BRDA:92,17,1,0
BRDA:96,18,0,0
BRDA:96,18,1,0
BRDA:145,19,0,0
BRDA:158,20,0,0
BRDA:161,21,0,0
BRDA:172,22,0,0
BRDA:172,22,1,0
BRF:44
BRH:0
end_of_record
TN:
SF:src\app\register\page.tsx
FN:9,RegisterPage
FN:19,onSubmit
FN:57,(anonymous_4)
FN:70,(anonymous_5)
FN:84,(anonymous_6)
FN:98,(anonymous_7)
FN:109,(anonymous_8)
FNF:7
FNH:7
FNDA:100,RegisterPage
FNDA:2,onSubmit
FNDA:10,(anonymous_4)
FNDA:38,(anonymous_5)
FNDA:22,(anonymous_6)
FNDA:20,(anonymous_7)
FNDA:2,(anonymous_8)
DA:3,1
DA:4,1
DA:5,1
DA:6,1
DA:7,1
DA:9,4
DA:10,100
DA:11,100
DA:12,100
DA:13,100
DA:14,100
DA:15,100
DA:16,100
DA:17,100
DA:20,2
DA:21,2
DA:22,0
DA:23,0
DA:25,2
DA:26,2
DA:27,2
DA:28,2
DA:29,1
DA:30,1
DA:32,1
DA:34,2
DA:57,10
DA:70,38
DA:84,22
DA:98,20
DA:109,2
LF:31
LH:29
BRDA:21,0,0,0
BRDA:21,0,1,2
BRDA:32,1,0,1
BRDA:32,1,1,0
BRDA:125,2,0,100
BRDA:131,3,0,100
BRDA:131,3,1,98
BRDA:134,4,0,2
BRDA:134,4,1,98
BRF:9
BRH:7
end_of_record
TN:
SF:src\app\termos\page.tsx
FN:7,TermosPage
FNF:1
FNH:1
FNDA:1,TermosPage
DA:1,1
DA:3,1
DA:7,1
LF:3
LH:3
BRF:0
BRH:0
end_of_record
TN:
SF:src\components\Footer.tsx
FN:3,Footer
FNF:1
FNH:1
FNDA:2,Footer
DA:1,1
DA:3,2
DA:4,2
LF:3
LH:3
BRF:0
BRH:0
end_of_record
TN:
SF:src\components\Header.tsx
FN:15,Header
FN:20,(anonymous_3)
FN:23,(anonymous_4)
FN:26,sair
FN:31,navCls
FNF:5
FNH:4
FNDA:7,Header
FNDA:4,(anonymous_3)
FNDA:0,(anonymous_4)
FNDA:1,sair
FNDA:6,navCls
DA:3,1
DA:4,1
DA:5,1
DA:6,1
DA:7,1
DA:9,1
DA:15,4
DA:16,7
DA:17,7
DA:18,7
DA:20,7
DA:21,4
DA:22,4
DA:23,3
DA:27,1
DA:28,1
DA:32,6
DA:33,6
LF:18
LH:18
BRDA:22,0,0,1
BRDA:22,0,1,3
BRDA:34,1,0,3
BRDA:34,1,1,3
BRDA:55,2,0,7
BRDA:60,3,0,3
BRDA:65,4,0,3
BRDA:77,5,0,3
BRDA:82,6,0,3
BRDA:82,6,1,0
BRF:10
BRH:9
end_of_record
TN:
SF:src\lib\api.ts
FN:48,handleResponse
FN:50,(anonymous_17)
FN:56,authHeaders
FN:60,login
FN:69,register
FN:84,fetchMe
FN:91,listMedicos
FN:103,getMedico
FN:105,(anonymous_24)
FN:119,createMedico
FN:139,updateMedico
FN:152,deleteMedico
FN:158,(anonymous_28)
FN:168,listSlotsOcupados
FN:178,listAgendamentos
FN:200,createAgendamento
FN:212,cancelarAgendamento
FN:221,reagendarAgendamento
FN:241,updateMe
FN:250,deleteMinhaConta
FN:256,(anonymous_36)
FNF:21
FNH:18
FNDA:16,handleResponse
FNDA:0,(anonymous_17)
FNDA:8,authHeaders
FNDA:2,login
FNDA:1,register
FNDA:1,fetchMe
FNDA:4,listMedicos
FNDA:2,getMedico
FNDA:3,(anonymous_24)
FNDA:1,createMedico
FNDA:1,updateMedico
FNDA:2,deleteMedico
FNDA:0,(anonymous_28)
FNDA:1,listSlotsOcupados
FNDA:1,listAgendamentos
FNDA:1,createAgendamento
FNDA:1,cancelarAgendamento
FNDA:1,reagendarAgendamento
FNDA:1,updateMe
FNDA:2,deleteMinhaConta
FNDA:0,(anonymous_36)
DA:1,1
DA:49,16
DA:50,1
DA:51,1
DA:53,15
DA:57,8
DA:60,2
DA:61,2
DA:66,2
DA:69,1
DA:76,1
DA:81,1
DA:84,1
DA:85,1
DA:88,1
DA:91,2
DA:95,4
DA:96,4
DA:97,4
DA:98,4
DA:99,4
DA:100,4
DA:103,2
DA:104,2
DA:105,3
DA:106,2
DA:107,1
DA:119,1
DA:123,1
DA:128,1
DA:139,1
DA:144,1
DA:149,1
DA:152,2
DA:153,2
DA:157,2
DA:158,1
DA:159,1
DA:168,1
DA:172,1
DA:175,1
DA:178,1
DA:182,1
DA:183,1
DA:184,1
DA:185,1
DA:186,1
DA:187,1
DA:188,1
DA:200,1
DA:204,1
DA:209,1
DA:212,1
DA:213,1
DA:218,1
DA:221,1
DA:227,1
DA:232,1
DA:241,1
DA:242,1
DA:247,1
DA:250,2
DA:251,2
DA:255,2
DA:256,1
DA:257,1
LF:66
LH:66
BRDA:1,0,0,1
BRDA:1,0,1,0
BRDA:49,1,0,1
BRDA:49,1,1,15
BRDA:51,2,0,1
BRDA:51,2,1,0
BRDA:96,3,0,1
BRDA:96,3,1,3
BRDA:97,4,0,1
BRDA:97,4,1,3
BRDA:98,5,0,1
BRDA:98,5,1,3
BRDA:106,6,0,1
BRDA:106,6,1,1
BRDA:157,7,0,1
BRDA:157,7,1,1
BRDA:159,8,0,1
BRDA:159,8,1,0
BRDA:183,9,0,1
BRDA:183,9,1,0
BRDA:184,10,0,1
BRDA:184,10,1,0
BRDA:185,11,0,1
BRDA:185,11,1,0
BRDA:186,12,0,1
BRDA:186,12,1,0
BRDA:255,13,0,1
BRDA:255,13,1,1
BRDA:257,14,0,1
BRDA:257,14,1,0
BRF:30
BRH:22
end_of_record
TN:
SF:src\lib\auth.ts
FN:3,saveToken
FN:9,getToken
FN:14,clearToken
FNF:3
FNH:3
FNDA:2,saveToken
FNDA:3,getToken
FNDA:1,clearToken
DA:1,1
DA:3,2
DA:4,2
DA:5,2
DA:6,2
DA:9,3
DA:10,3
DA:11,3
DA:14,1
DA:15,1
DA:16,1
DA:17,1
LF:12
LH:12
BRDA:4,0,0,0
BRDA:4,0,1,2
BRDA:10,1,0,0
BRDA:10,1,1,3
BRDA:15,2,0,0
BRDA:15,2,1,1
BRF:6
BRH:3
end_of_record
TN:
SF:src\lib\format.ts
FN:32,formatData
FN:36,formatDataHora
FN:40,formatHora
FN:44,formatIntervalo
FN:48,toIsoYmd
FNF:5
FNH:5
FNDA:2,formatData
FNDA:1,formatDataHora
FNDA:3,formatHora
FNDA:1,formatIntervalo
FNDA:2,toIsoYmd
DA:1,1
DA:3,7
DA:13,1
DA:19,1
DA:27,1
DA:32,1
DA:33,2
DA:36,1
DA:37,1
DA:40,1
DA:41,3
DA:44,1
DA:45,1
DA:48,2
DA:49,2
LF:15
LH:15
BRF:0
BRH:0
end_of_record
TN:
SF:src\lib\slots.ts
FN:11,parseHoraMin
FN:16,gerarSlotsDoDia
FN:48,gerarProximosDias
FNF:3
FNH:3
FNDA:16,parseHoraMin
FNDA:8,gerarSlotsDoDia
FNDA:3,gerarProximosDias
DA:8,1
DA:9,1
DA:12,16
DA:13,16
DA:16,6
DA:21,8
DA:22,8
DA:24,8
DA:25,9
DA:26,9
DA:27,8
DA:28,8
DA:30,8
DA:31,8
DA:32,8
DA:33,8
DA:35,8
DA:36,8
DA:37,15
DA:38,15
DA:39,14
DA:40,12
DA:42,14
DA:45,8
DA:48,3
DA:52,3
DA:53,3
DA:54,3
DA:56,3
DA:57,33
DA:58,33
DA:59,33
DA:60,33
DA:61,33
DA:62,2
DA:63,2
DA:65,3
LF:37
LH:37
BRDA:19,0,0,7
BRDA:26,1,0,1
BRDA:26,1,1,8
BRDA:26,2,0,9
BRDA:26,2,1,9
BRDA:38,3,0,1
BRDA:38,3,1,14
BRDA:39,4,0,12
BRDA:39,4,1,2
BRDA:50,5,0,0
BRDA:61,6,0,31
BRDA:61,6,1,2
BRDA:61,7,0,33
BRDA:61,7,1,2
BRDA:63,8,0,2
BRDA:63,8,1,0
BRF:16
BRH:14
end_of_record
