TN:
SF:src\services\notificacaoService.ts
FN:9,formatData
FN:18,formatHora
FN:26,notificarConfirmacao
FN:35,notificarLembrete
FN:43,notificarReagendamento
FN:51,notificarCancelamento
FNF:6
FNH:6
FNDA:3,formatData
FNDA:4,formatHora
FNDA:1,notificarConfirmacao
FNDA:1,notificarLembrete
FNDA:1,notificarReagendamento
FNDA:1,notificarCancelamento
DA:1,1
DA:10,3
DA:19,4
DA:26,1
DA:27,1
DA:29,1
DA:32,1
DA:35,1
DA:36,1
DA:38,1
DA:40,1
DA:43,1
DA:44,1
DA:46,1
DA:48,1
DA:51,1
DA:52,1
DA:54,1
DA:57,1
LF:19
LH:19
BRF:0
BRH:0
end_of_record
