TN:
SF:src\app.ts
FN:36,(anonymous_1)
FN:49,(anonymous_2)
FN:51,(anonymous_3)
FN:62,(anonymous_4)
FNF:4
FNH:4
FNDA:42,(anonymous_1)
FNDA:40,(anonymous_2)
FNDA:40,(anonymous_3)
FNDA:2,(anonymous_4)
DA:1,2
DA:2,2
DA:3,2
DA:4,2
DA:5,2
DA:6,2
DA:7,2
DA:8,2
DA:10,2
DA:12,2
DA:14,2
DA:15,2
DA:34,2
DA:37,42
DA:38,41
DA:40,1
DA:46,2
DA:47,2
DA:49,2
DA:50,40
DA:51,40
DA:52,40
DA:53,40
DA:54,40
DA:59,40
DA:62,2
DA:63,2
DA:64,2
DA:67,2
DA:69,2
LF:30
LH:30
BRDA:31,0,0,0
BRDA:31,0,1,2
BRDA:37,1,0,41
BRDA:37,1,1,1
BRDA:37,2,0,42
BRDA:37,2,1,3
BRDA:47,3,0,0
BRDA:47,3,1,2
BRDA:53,4,0,40
BRDA:53,4,1,0
BRF:10
BRH:7
end_of_record
TN:
SF:src\controllers\agendamentoController.ts
FN:16,create
FN:27,list
FN:38,reagendar
FN:53,updateStatus
FNF:4
FNH:3
FNDA:5,create
FNDA:1,list
FNDA:0,reagendar
FNDA:1,updateStatus
DA:2,2
DA:9,2
DA:16,2
DA:17,5
DA:18,5
DA:19,5
DA:20,5
DA:21,4
DA:23,1
DA:27,2
DA:28,1
DA:29,1
DA:30,1
DA:31,1
DA:32,1
DA:34,0
DA:38,2
DA:39,0
DA:40,0
DA:41,0
DA:42,0
DA:43,0
DA:47,0
DA:49,0
DA:53,2
DA:54,1
DA:55,1
DA:56,1
DA:57,1
DA:58,1
DA:62,1
DA:64,0
LF:32
LH:23
BRDA:18,0,0,0
BRDA:18,0,1,5
BRDA:29,1,0,0
BRDA:29,1,1,1
BRDA:40,2,0,0
BRDA:40,2,1,0
BRDA:55,3,0,0
BRDA:55,3,1,1
BRF:8
BRH:3
end_of_record
TN:
SF:src\controllers\authController.ts
FN:11,register
FN:21,login
FN:31,me
FN:42,updateMe
FN:53,deleteMe
FNF:5
FNH:5
FNDA:12,register
FNDA:6,login
FNDA:1,me
FNDA:2,updateMe
FNDA:1,deleteMe
DA:2,2
DA:3,2
DA:11,2
DA:12,12
DA:13,12
DA:14,11
DA:15,11
DA:17,1
DA:21,2
DA:22,6
DA:23,6
DA:24,5
DA:25,4
DA:27,2
DA:31,2
DA:32,1
DA:33,1
DA:34,1
DA:35,1
DA:36,1
DA:38,0
DA:42,2
DA:43,2
DA:44,2
DA:45,2
DA:46,2
DA:47,1
DA:49,1
DA:53,2
DA:54,1
DA:55,1
DA:56,1
DA:57,1
DA:59,0
LF:34
LH:32
BRDA:33,0,0,0
BRDA:33,0,1,1
BRDA:35,1,0,0
BRDA:35,1,1,1
BRDA:44,2,0,0
BRDA:44,2,1,2
BRDA:55,3,0,0
BRDA:55,3,1,1
BRF:8
BRH:4
end_of_record
TN:
SF:src\controllers\medicoController.ts
FN:16,create
FN:26,list
FN:36,update
FN:47,remove
FN:57,slotsOcupados
FNF:5
FNH:5
FNDA:1,create
FNDA:1,list
FNDA:1,update
FNDA:1,remove
FNDA:1,slotsOcupados
DA:2,2
DA:8,2
DA:16,2
DA:17,1
DA:18,1
DA:19,1
DA:20,1
DA:22,0
DA:26,2
DA:27,1
DA:28,1
DA:29,1
DA:30,1
DA:32,0
DA:36,2
DA:37,1
DA:38,1
DA:39,1
DA:40,1
DA:41,1
DA:43,0
DA:47,2
DA:48,1
DA:49,1
DA:50,1
DA:51,1
DA:53,0
DA:57,2
DA:58,1
DA:59,1
DA:60,1
DA:61,1
DA:63,0
LF:33
LH:28
BRF:0
BRH:0
end_of_record
TN:
SF:src\lib\jwt.ts
FN:11,signToken
FN:16,verifyToken
FNF:2
FNH:2
FNDA:22,signToken
FNDA:23,verifyToken
DA:1,4
DA:3,4
DA:11,4
DA:12,22
DA:13,22
DA:16,4
DA:17,23
LF:7
LH:7
BRF:0
BRH:0
end_of_record
TN:
SF:src\lib\metrics.ts
FNF:0
FNH:0
DA:1,2
DA:3,2
DA:5,2
DA:7,2
LF:4
LH:4
BRF:0
BRH:0
end_of_record
TN:
SF:src\lib\prisma.ts
FNF:0
FNH:0
DA:1,5
DA:2,5
DA:3,5
DA:5,5
DA:7,5
LF:5
LH:5
BRDA:9,0,0,0
BRDA:9,0,1,5
BRF:2
BRH:1
end_of_record
TN:
SF:src\lib\redis.ts
FN:7,getRedis
FN:15,(anonymous_2)
FN:18,(anonymous_3)
FN:29,cacheGet
FN:40,cacheSet
FN:50,cacheDeleteByPrefix
FN:65,withCache
FNF:7
FNH:7
FNDA:24,getRedis
FNDA:2,(anonymous_2)
FNDA:2,(anonymous_3)
FNDA:3,cacheGet
FNDA:3,cacheSet
FNDA:18,cacheDeleteByPrefix
FNDA:3,withCache
DA:1,3
DA:2,3
DA:4,3
DA:5,3
DA:7,3
DA:8,24
DA:9,2
DA:11,2
DA:15,2
DA:18,2
DA:19,2
DA:20,2
DA:21,2
DA:25,2
DA:26,2
DA:29,3
DA:30,3
DA:31,3
DA:32,1
DA:33,1
DA:34,0
DA:36,1
DA:40,3
DA:41,3
DA:42,3
DA:43,0
DA:44,0
DA:50,3
DA:51,18
DA:52,18
DA:53,1
DA:54,1
DA:55,1
DA:56,1
DA:57,0
DA:59,0
DA:65,3
DA:70,3
DA:71,3
DA:72,3
DA:73,3
DA:74,3
LF:42
LH:37
BRDA:8,0,0,22
BRDA:8,0,1,2
BRDA:8,1,0,24
BRDA:8,1,1,2
BRDA:9,2,0,0
BRDA:9,2,1,2
BRDA:19,3,0,2
BRDA:19,3,1,0
BRDA:31,4,0,2
BRDA:31,4,1,1
BRDA:31,5,0,3
BRDA:31,5,1,3
BRDA:34,6,0,0
BRDA:34,6,1,0
BRDA:42,7,0,3
BRDA:42,7,1,0
BRDA:42,8,0,3
BRDA:42,8,1,3
BRDA:52,9,0,17
BRDA:52,9,1,1
BRDA:52,10,0,18
BRDA:52,10,1,18
BRDA:59,11,0,0
BRDA:59,11,1,0
BRDA:71,12,0,0
BRDA:71,12,1,3
BRF:26
BRH:18
end_of_record
TN:
SF:src\lib\zapi.ts
FN:5,formatarTelefone
FN:11,enviarWhatsApp
FNF:2
FNH:2
FNDA:14,formatarTelefone
FNDA:14,enviarWhatsApp
DA:1,4
DA:3,4
DA:6,14
DA:7,14
DA:8,14
DA:11,4
DA:12,14
DA:13,0
DA:14,0
DA:17,14
DA:19,14
DA:28,10
DA:29,0
DA:30,0
LF:14
LH:10
BRDA:7,0,0,0
BRDA:7,0,1,14
BRDA:7,1,0,14
BRDA:7,1,1,0
BRDA:12,2,0,0
BRDA:12,2,1,14
BRDA:12,3,0,14
BRDA:12,3,1,14
BRDA:12,3,2,14
BRDA:28,4,0,0
BRDA:28,4,1,10
BRF:11
BRH:7
end_of_record
TN:
SF:src\middlewares\authMiddleware.ts
FN:13,authenticate
FN:28,authorize
FN:29,(anonymous_2)
FNF:3
FNH:3
FNDA:19,authenticate
FNDA:6,authorize
FNDA:4,(anonymous_2)
DA:3,2
DA:13,2
DA:14,19
DA:15,19
DA:16,1
DA:19,18
DA:20,18
DA:21,18
DA:22,17
DA:24,1
DA:28,2
DA:29,6
DA:30,4
DA:31,0
DA:33,4
DA:34,1
DA:36,3
LF:17
LH:16
BRDA:15,0,0,1
BRDA:15,0,1,18
BRDA:15,1,0,19
BRDA:15,1,1,18
BRDA:30,2,0,0
BRDA:30,2,1,4
BRDA:33,3,0,1
BRDA:33,3,1,3
BRF:8
BRH:7
end_of_record
TN:
SF:src\middlewares\errorHandler.ts
FN:7,errorHandler
FNF:1
FNH:1
FNDA:6,errorHandler
DA:2,2
DA:3,2
DA:4,2
DA:5,2
DA:7,2
DA:8,6
DA:9,2
DA:15,4
DA:20,3
DA:23,1
DA:24,1
LF:11
LH:11
BRDA:8,0,0,2
BRDA:8,0,1,4
BRDA:15,1,0,3
BRDA:15,1,1,1
BRDA:16,2,0,4
BRDA:16,2,1,2
BRDA:16,2,2,2
BRF:7
BRH:7
end_of_record
TN:
SF:src\middlewares\rateLimit.ts
FNF:0
FNH:0
DA:1,2
DA:2,2
DA:4,2
DA:6,2
LF:4
LH:4
BRDA:8,0,0,2
BRDA:8,0,1,0
BRF:2
BRH:1
end_of_record
TN:
SF:src\routes\agendamentoRoutes.ts
FNF:0
FNH:0
DA:1,2
DA:2,2
DA:3,2
DA:5,2
DA:7,2
DA:8,2
DA:9,2
DA:10,2
DA:11,2
LF:9
LH:9
BRF:0
BRH:0
end_of_record
TN:
SF:src\routes\authRoutes.ts
FNF:0
FNH:0
DA:1,2
DA:2,2
DA:3,2
DA:4,2
DA:6,2
DA:8,2
DA:9,2
DA:10,2
DA:11,2
DA:12,2
LF:10
LH:10
BRF:0
BRH:0
end_of_record
TN:
SF:src\routes\medicoRoutes.ts
FNF:0
FNH:0
DA:1,2
DA:2,2
DA:3,2
DA:10,2
DA:12,2
DA:14,2
DA:15,2
DA:16,2
DA:17,2
DA:18,2
LF:10
LH:10
BRF:0
BRH:0
end_of_record
TN:
SF:src\schemas\agendamentoSchemas.ts
FN:12,(anonymous_0)
FN:38,(anonymous_1)
FNF:2
FNH:1
FNDA:5,(anonymous_0)
FNDA:0,(anonymous_1)
DA:1,2
DA:3,2
DA:12,5
DA:17,2
DA:25,2
DA:29,2
DA:33,2
DA:38,0
LF:8
LH:7
BRF:0
BRH:0
end_of_record
TN:
SF:src\schemas\authSchemas.ts
FN:11,(anonymous_0)
FN:27,(anonymous_1)
FNF:2
FNH:2
FNDA:11,(anonymous_0)
FNDA:2,(anonymous_1)
DA:1,2
DA:3,2
DA:11,11
DA:16,2
DA:21,2
DA:27,2
LF:6
LH:6
BRDA:11,0,0,11
BRDA:11,0,1,11
BRDA:11,1,0,11
BRDA:11,1,1,0
BRDA:27,2,0,2
BRDA:27,2,1,1
BRDA:27,2,2,0
BRF:7
BRH:5
end_of_record
TN:
SF:src\schemas\medicoSchemas.ts
FN:27,(anonymous_0)
FNF:1
FNH:1
FNDA:1,(anonymous_0)
DA:1,2
DA:3,2
DA:7,2
DA:16,2
DA:27,1
DA:31,2
DA:36,2
LF:7
LH:7
BRF:0
BRH:0
end_of_record
TN:
SF:src\services\agendamentoService.ts
FN:16,(anonymous_0)
FN:47,getPacienteIdDoUsuario
FN:52,getMedicoIdDoUsuario
FN:57,resolverPacienteIdPorNomeTelefone
FN:64,createAgendamento
FN:152,(anonymous_5)
FN:159,listAgendamentos
FN:193,updateAgendamentoStatus
FN:234,(anonymous_8)
FN:244,reagendarAgendamento
FN:307,(anonymous_10)
FNF:11
FNH:7
FNDA:5,(anonymous_0)
FNDA:18,getPacienteIdDoUsuario
FNDA:1,getMedicoIdDoUsuario
FNDA:1,resolverPacienteIdPorNomeTelefone
FNDA:15,createAgendamento
FNDA:0,(anonymous_5)
FNDA:1,listAgendamentos
FNDA:4,updateAgendamentoStatus
FNDA:0,(anonymous_8)
FNDA:0,reagendarAgendamento
FNDA:0,(anonymous_10)
DA:1,4
DA:2,4
DA:9,4
DA:15,4
DA:16,5
DA:17,5
DA:21,4
DA:48,18
DA:49,18
DA:53,1
DA:54,1
DA:58,1
DA:59,1
DA:60,1
DA:61,1
DA:64,4
DA:65,15
DA:66,1
DA:72,14
DA:73,13
DA:74,0
DA:76,13
DA:77,13
DA:78,13
DA:80,13
DA:81,13
DA:82,13
DA:83,0
DA:85,13
DA:86,1
DA:87,1
DA:88,1
DA:89,1
DA:90,0
DA:92,1
DA:94,1
DA:95,0
DA:100,1
DA:105,0
DA:106,0
DA:108,0
DA:109,0
DA:110,0
DA:112,0
DA:113,0
DA:114,0
DA:115,0
DA:116,0
DA:117,0
DA:122,0
DA:130,14
DA:138,14
DA:139,2
DA:142,12
DA:152,12
DA:153,0
DA:156,12
DA:159,4
DA:160,1
DA:166,1
DA:167,1
DA:168,1
DA:169,1
DA:170,0
DA:171,0
DA:172,0
DA:173,0
DA:175,0
DA:176,0
DA:179,1
DA:186,4
DA:193,4
DA:198,4
DA:202,4
DA:204,4
DA:205,4
DA:206,4
DA:207,0
DA:209,4
DA:210,2
DA:212,0
DA:213,0
DA:214,0
DA:215,0
DA:219,2
DA:220,2
DA:221,0
DA:227,2
DA:233,2
DA:234,2
DA:235,0
DA:239,2
DA:242,4
DA:244,4
DA:249,0
DA:256,0
DA:258,0
DA:262,0
DA:266,0
DA:267,0
DA:273,0
DA:274,0
DA:275,0
DA:276,0
DA:277,0
DA:278,0
DA:281,0
DA:282,0
DA:286,0
DA:295,0
DA:297,0
DA:307,0
DA:308,0
DA:311,0
LF:114
LH:64
BRDA:49,0,0,18
BRDA:49,0,1,0
BRDA:54,1,0,1
BRDA:54,1,1,0
BRDA:59,2,0,0
BRDA:59,2,1,1
BRDA:65,3,0,1
BRDA:65,3,1,14
BRDA:72,4,0,13
BRDA:72,4,1,1
BRDA:73,5,0,0
BRDA:73,5,1,13
BRDA:77,6,0,0
BRDA:77,6,1,13
BRDA:81,7,0,0
BRDA:81,7,1,13
BRDA:82,8,0,0
BRDA:82,8,1,13
BRDA:82,9,0,13
BRDA:82,9,1,0
BRDA:86,10,0,1
BRDA:86,10,1,0
BRDA:88,11,0,0
BRDA:88,11,1,1
BRDA:89,12,0,0
BRDA:89,12,1,1
BRDA:89,13,0,1
BRDA:89,13,1,0
BRDA:94,14,0,0
BRDA:94,14,1,1
BRDA:94,15,0,1
BRDA:94,15,1,1
BRDA:105,16,0,0
BRDA:105,16,1,0
BRDA:109,17,0,0
BRDA:109,17,1,0
BRDA:112,18,0,0
BRDA:112,18,1,0
BRDA:114,19,0,0
BRDA:114,19,1,0
BRDA:116,20,0,0
BRDA:116,20,1,0
BRDA:116,21,0,0
BRDA:116,21,1,0
BRDA:138,22,0,2
BRDA:138,22,1,12
BRDA:162,23,0,0
BRDA:162,23,1,1
BRDA:163,24,0,0
BRDA:163,24,1,1
BRDA:166,25,0,1
BRDA:166,25,1,0
BRDA:168,26,0,0
BRDA:168,26,1,1
BRDA:170,27,0,0
BRDA:170,27,1,0
BRDA:172,28,0,0
BRDA:172,28,1,0
BRDA:175,29,0,0
BRDA:175,29,1,0
BRDA:176,30,0,0
BRDA:176,30,1,0
BRDA:202,31,0,0
BRDA:202,31,1,4
BRDA:204,32,0,4
BRDA:204,32,1,0
BRDA:206,33,0,0
BRDA:206,33,1,4
BRDA:209,34,0,2
BRDA:209,34,1,2
BRDA:212,35,0,0
BRDA:212,35,1,0
BRDA:214,36,0,0
BRDA:214,36,1,0
BRDA:220,37,0,0
BRDA:220,37,1,2
BRDA:233,38,0,2
BRDA:233,38,1,0
BRDA:256,39,0,0
BRDA:256,39,1,0
BRDA:258,40,0,0
BRDA:258,40,1,0
BRDA:259,41,0,0
BRDA:259,41,1,0
BRDA:266,42,0,0
BRDA:266,42,1,0
BRDA:273,43,0,0
BRDA:273,43,1,0
BRDA:275,44,0,0
BRDA:275,44,1,0
BRDA:276,45,0,0
BRDA:276,45,1,0
BRDA:278,46,0,0
BRDA:278,46,1,0
BRDA:281,47,0,0
BRDA:281,47,1,0
BRDA:295,48,0,0
BRDA:295,48,1,0
BRF:98
BRH:32
end_of_record
TN:
SF:src\services\authService.ts
FN:10,(anonymous_1)
FN:15,registerUser
FN:49,loginUser
FN:73,getUsuarioById
FN:90,updateUsuario
FN:130,deleteUsuario
FNF:6
FNH:6
FNDA:6,(anonymous_1)
FNDA:17,registerUser
FNDA:9,loginUser
FNDA:2,getUsuarioById
FNDA:2,updateUsuario
FNDA:1,deleteUsuario
DA:1,3
DA:2,3
DA:3,3
DA:4,3
DA:7,3
DA:9,3
DA:10,6
DA:11,6
DA:15,3
DA:16,17
DA:17,17
DA:18,1
DA:21,16
DA:22,16
DA:24,16
DA:44,16
DA:46,16
DA:49,3
DA:50,9
DA:51,9
DA:52,2
DA:55,7
DA:56,7
DA:57,2
DA:60,5
DA:62,5
DA:73,3
DA:74,2
DA:85,2
DA:86,2
DA:87,2
DA:90,3
DA:91,2
DA:95,2
DA:96,0
DA:99,2
DA:100,1
DA:101,1
DA:102,1
DA:106,1
DA:107,0
DA:110,1
DA:127,1
DA:130,3
DA:131,1
DA:132,1
DA:133,0
DA:135,1
LF:48
LH:45
BRDA:17,0,0,1
BRDA:17,0,1,16
BRDA:22,1,0,16
BRDA:22,1,1,0
BRDA:31,2,0,16
BRDA:31,2,1,0
BRDA:51,3,0,2
BRDA:51,3,1,7
BRDA:56,4,0,2
BRDA:56,4,1,5
BRDA:85,5,0,0
BRDA:85,5,1,2
BRDA:87,6,0,2
BRDA:87,6,1,0
BRDA:95,7,0,0
BRDA:95,7,1,2
BRDA:99,8,0,1
BRDA:99,8,1,1
BRDA:99,9,0,2
BRDA:99,9,1,1
BRDA:101,10,0,1
BRDA:101,10,1,0
BRDA:106,11,0,0
BRDA:106,11,1,1
BRDA:106,12,0,1
BRDA:106,12,1,1
BRDA:116,13,0,1
BRDA:116,13,1,0
BRDA:116,14,0,1
BRDA:116,14,1,1
BRDA:116,14,2,0
BRDA:132,15,0,0
BRDA:132,15,1,1
BRF:33
BRH:23
end_of_record
TN:
SF:src\services\medicoService.ts
FN:14,keyListMedicos
FN:20,invalidarCacheMedicos
FN:27,(anonymous_3)
FN:42,createMedico
FN:76,listMedicos
FN:77,(anonymous_6)
FN:93,updateMedico
FN:138,deleteMedico
FN:148,listSlotsOcupados
FNF:9
FNH:9
FNDA:3,keyListMedicos
FNDA:18,invalidarCacheMedicos
FNDA:5,(anonymous_3)
FNDA:15,createMedico
FNDA:3,listMedicos
FNDA:3,(anonymous_6)
FNDA:5,updateMedico
FNDA:3,deleteMedico
FNDA:2,listSlotsOcupados
DA:1,3
DA:2,3
DA:3,3
DA:4,3
DA:5,3
DA:12,3
DA:15,3
DA:16,3
DA:17,3
DA:21,18
DA:24,3
DA:26,3
DA:27,5
DA:28,5
DA:32,3
DA:42,3
DA:43,15
DA:44,15
DA:45,1
DA:48,14
DA:49,14
DA:50,1
DA:53,13
DA:55,13
DA:72,13
DA:73,13
DA:76,3
DA:77,3
DA:78,3
DA:93,3
DA:94,5
DA:98,5
DA:99,1
DA:102,4
DA:103,1
DA:104,1
DA:105,1
DA:109,3
DA:110,0
DA:111,0
DA:112,0
DA:116,3
DA:118,3
DA:134,3
DA:135,3
DA:138,3
DA:139,3
DA:140,3
DA:141,1
DA:144,2
DA:145,2
DA:148,3
DA:149,2
DA:150,2
DA:151,0
DA:154,2
DA:155,2
DA:164,2
LF:58
LH:54
BRDA:15,0,0,3
BRDA:15,0,1,2
BRDA:16,1,0,3
BRDA:16,1,1,2
BRDA:44,2,0,1
BRDA:44,2,1,14
BRDA:49,3,0,1
BRDA:49,3,1,13
BRDA:80,4,0,1
BRDA:80,4,1,2
BRDA:83,5,0,1
BRDA:83,5,1,2
BRDA:98,6,0,1
BRDA:98,6,1,4
BRDA:102,7,0,1
BRDA:102,7,1,3
BRDA:102,8,0,4
BRDA:102,8,1,1
BRDA:104,9,0,1
BRDA:104,9,1,0
BRDA:109,10,0,0
BRDA:109,10,1,3
BRDA:109,11,0,3
BRDA:109,11,1,0
BRDA:111,12,0,0
BRDA:111,12,1,0
BRDA:116,13,0,3
BRDA:116,13,1,2
BRDA:124,14,0,2
BRDA:124,14,1,1
BRDA:126,15,0,1
BRDA:126,15,1,1
BRDA:127,16,0,1
BRDA:127,16,1,2
BRDA:140,17,0,1
BRDA:140,17,1,2
BRDA:150,18,0,0
BRDA:150,18,1,2
BRF:38
BRH:32
end_of_record
TN:
SF:src\services\notificacaoService.ts
FN:9,formatData
FN:18,formatHora
FN:26,notificarConfirmacao
FN:35,notificarLembrete
FN:43,notificarReagendamento
FN:51,notificarCancelamento
FNF:6
FNH:4
FNDA:14,formatData
FNDA:14,formatHora
FNDA:12,notificarConfirmacao
FNDA:0,notificarLembrete
FNDA:0,notificarReagendamento
FNDA:2,notificarCancelamento
DA:1,4
DA:10,14
DA:19,14
DA:26,4
DA:27,12
DA:29,12
DA:32,12
DA:35,4
DA:36,0
DA:38,0
DA:40,0
DA:43,4
DA:44,0
DA:46,0
DA:48,0
DA:51,4
DA:52,2
DA:54,2
DA:57,2
LF:19
LH:13
BRF:0
BRH:0
end_of_record
